#
# A fatal error has been detected by the Java Runtime Environment:
#
#  EXCEPTION_ACCESS_VIOLATION (0xc0000005) at pc=0x000000007110b5db, pid=15376, tid=3476
#
# JRE version: OpenJDK Runtime Environment (11.0.5+10) (build 11.0.5+10)
# Java VM: OpenJDK 64-Bit Server VM (11.0.5+10, mixed mode, tiered, compressed oops, g1 gc, windows-amd64)
# Problematic frame:
# C  [jSSC-2.8_x86_64.dll+0xb5db]
#
# No core dump will be written. Minidumps are not enabled by default on client versions of Windows
#
# If you would like to submit a bug report, please visit:
#   https://github.com/AdoptOpenJDK/openjdk-build/issues
# The crash happened outside the Java Virtual Machine in native code.
# See problematic frame for where to report the bug.
#

---------------  S U M M A R Y ------------

Command Line: -Dfile.encoding=UTF-8 application.Launcher

Host: Intel(R) Core(TM) i7-8565U CPU @ 1.80GHz, 8 cores, 15G,  Windows 10 , 64 bit Build 19041 (10.0.19041.546)
Time: Mon Nov 23 11:24:51 2020 ora solare Europa occidentale elapsed time: 1 seconds (0d 0h 0m 1s)

---------------  T H R E A D  ---------------

Current thread (0x00000171cda6b000):  JavaThread "JavaFX Application Thread" [_thread_in_native, id=3476, stack(0x0000004373900000,0x0000004373a00000)]

Stack: [0x0000004373900000,0x0000004373a00000],  sp=0x00000043739fc4c0,  free space=1009k
Native frames: (J=compiled Java code, j=interpreted, Vv=VM code, C=native code)
C  [jSSC-2.8_x86_64.dll+0xb5db]

Java frames: (J=compiled Java code, j=interpreted, Vv=VM code)
j  jssc.SerialNativeInterface.openPort(Ljava/lang/String;Z)J+0
j  jssc.SerialPort.openPort()Z+65
j  controller.SerialController.<init>(Ljava/lang/String;Lview/Graph;Lview/Graph;Lview/Graph;)V+30
j  application.Main.start(Ljavafx/stage/Stage;)V+124
j  com.sun.javafx.application.LauncherImpl.lambda$launchApplication1$9(Ljava/util/concurrent/atomic/AtomicBoolean;Ljavafx/application/Application;)V+20
j  com.sun.javafx.application.LauncherImpl$$Lambda$62.run()V+8
j  com.sun.javafx.application.PlatformImpl.lambda$runAndWait$12(Ljava/lang/Runnable;Ljava/util/concurrent/CountDownLatch;)V+1
j  com.sun.javafx.application.PlatformImpl$$Lambda$58.run()V+8
j  com.sun.javafx.application.PlatformImpl.lambda$runLater$10(Ljava/lang/Runnable;)Ljava/lang/Void;+1
j  com.sun.javafx.application.PlatformImpl$$Lambda$60.run()Ljava/lang/Object;+4
v  ~StubRoutines::call_stub
j  java.security.AccessController.doPrivileged(Ljava/security/PrivilegedAction;Ljava/security/AccessControlContext;)Ljava/lang/Object;+0 java.base@11.0.5
j  com.sun.javafx.application.PlatformImpl.lambda$runLater$11(Ljava/lang/Runnable;Ljava/security/AccessControlContext;)V+7
j  com.sun.javafx.application.PlatformImpl$$Lambda$59.run()V+8
j  com.sun.glass.ui.InvokeLaterDispatcher$Future.run()V+4
v  ~StubRoutines::call_stub
j  com.sun.glass.ui.win.WinApplication._runLoop(Ljava/lang/Runnable;)V+0
j  com.sun.glass.ui.win.WinApplication.lambda$runLoop$3(ILjava/lang/Runnable;)V+8
j  com.sun.glass.ui.win.WinApplication$$Lambda$48.run()V+12
j  java.lang.Thread.run()V+11 java.base@11.0.5
v  ~StubRoutines::call_stub

siginfo: EXCEPTION_ACCESS_VIOLATION (0xc0000005), reading address 0xffffffffd39c4971


Register to memory mapping:

RIP=0x000000007110b5db jSSC-2.8_x86_64.dll
RAX=0xffffffffd39c4971 is an unknown value
RBX=0x00000043739fc530 is pointing into the stack for thread: 0x00000171cda6b000
RCX=0x00007ffc4ddcbf84 ntdll.dll
RDX=0x0 is NULL
RSP=0x00000043739fc4c0 is pointing into the stack for thread: 0x00000171cda6b000
RBP=0x00000043739fc640 is pointing into the stack for thread: 0x00000171cda6b000
RSI=0x00000171cda6b340 points into unknown readable memory: 00 ac c8 ff fb 7f 00 00
RDI=0x0000000000000740 is an unknown value
R8 =0x00000043739fc3b8 is pointing into the stack for thread: 0x00000171cda6b000
R9 =0x00000043739fc4b0 is pointing into the stack for thread: 0x00000171cda6b000
R10=0x0 is NULL
R11=0x0000000000000246 is an unknown value
R12=0x00000043739fc700 is pointing into the stack for thread: 0x00000171cda6b000
R13=0x00000171ce68e4f0 points into unknown readable memory: 25 00 5a 00 00 00 00 00
R14=0x00000043739fc5f0 is pointing into the stack for thread: 0x00000171cda6b000
R15=0x00000171cda6b000 is a thread


Registers:
RAX=0xffffffffd39c4971, RBX=0x00000043739fc530, RCX=0x00007ffc4ddcbf84, RDX=0x0000000000000000
RSP=0x00000043739fc4c0, RBP=0x00000043739fc640, RSI=0x00000171cda6b340, RDI=0x0000000000000740
R8 =0x00000043739fc3b8, R9 =0x00000043739fc4b0, R10=0x0000000000000000, R11=0x0000000000000246
R12=0x00000043739fc700, R13=0x00000171ce68e4f0, R14=0x00000043739fc5f0, R15=0x00000171cda6b000
RIP=0x000000007110b5db, EFLAGS=0x0000000000010202

Top of Stack: (sp=0x00000043739fc4c0)
0x00000043739fc4c0:   00000171d46a8e30 00000171ce68e3c0
0x00000043739fc4d0:   000000007110b230 00000171a6ad0000
0x00000043739fc4e0:   00000171a6bd0000 0000000000000004
0x00000043739fc4f0:   00000171cda6b340 0000000000000740
0x00000043739fc500:   00000043739fc640 0000000071112590
0x00000043739fc510:   00000171cda6b000 00000043739fc5f0
0x00000043739fc520:   00000171ce68e4f0 00000043739fc700
0x00000043739fc530:   00000171ce68e4f0 00007ffc4dd45d21
0x00000043739fc540:   00000043739fc570 00000171a6ad0000
0x00000043739fc550:   00000043739fc640 0000000000000000
0x00000043739fc560:   0000000071113500 0000000071113be8
0x00000043739fc570:   00000043739fc5a0 0000000071112641
0x00000043739fc580:   00000043739fc510 00000171cda6b340
0x00000043739fc590:   0000000000000000 0000000000000000
0x00000043739fc5a0:   00000043739fc640 0000000071101595
0x00000043739fc5b0:   000000000000001c 0000017100000000 

Instructions: (pc=0x000000007110b5db)
0x000000007110b4db:   48 85 c0 74 bf 44 8b 03 45 85 c0 0f 84 77 ff ff
0x000000007110b4eb:   ff eb 9f 66 90 e8 8b fe ff ff 48 89 05 0c 34 01
0x000000007110b4fb:   00 eb ad 66 90 e8 7b fe ff ff 48 89 05 fc 33 01
0x000000007110b50b:   00 eb 8b e8 8d fe ff ff c7 03 01 00 00 00 e9 6f
0x000000007110b51b:   ff ff ff 66 90 55 48 89 e5 56 53 48 83 ec 20 48
0x000000007110b52b:   8b 05 d7 33 01 00 48 8b 31 48 89 cb 48 85 c0 74
0x000000007110b53b:   56 44 8b 18 45 85 db 78 42 48 8b 05 bd 33 01 00
0x000000007110b54b:   48 85 c0 74 50 44 8b 10 45 85 d2 74 1d 48 89 f1
0x000000007110b55b:   e8 d0 fd ff ff 48 8b 13 48 8d 42 40 48 8b 48 08
0x000000007110b56b:   48 8b 6a 40 48 8b 60 10 ff e1 48 8b 05 9c 33 01
0x000000007110b57b:   00 48 85 c0 74 2d 48 89 30 eb da e8 b5 fe ff ff
0x000000007110b58b:   0f 1f 44 00 00 eb b2 e8 e9 fd ff ff 48 89 05 6a
0x000000007110b59b:   33 01 00 eb 9c e8 db fd ff ff 48 89 05 5c 33 01
0x000000007110b5ab:   00 eb a2 e8 3d fd ff ff 48 89 05 5e 33 01 00 eb
0x000000007110b5bb:   c5 0f 1f 40 00 55 57 56 53 48 83 ec 28 48 8b 05
0x000000007110b5cb:   39 33 01 00 48 89 cb 48 85 c0 0f 84 c5 00 00 00
0x000000007110b5db:   8b 38 85 ff 0f 88 ab 00 00 00 48 8b 05 1c 33 01
0x000000007110b5eb:   00 48 85 c0 0f 84 bc 00 00 00 8b 30 85 f6 74 57
0x000000007110b5fb:   48 8b 05 0e 33 01 00 48 85 c0 0f 84 e5 00 00 00
0x000000007110b60b:   8b 28 48 8b 35 10 5e 01 00 ff d6 89 c7 89 e9 ff
0x000000007110b61b:   15 f4 5e 01 00 89 f9 48 89 c5 ff 15 b9 5e 01 00
0x000000007110b62b:   48 8b 05 de 32 01 00 48 89 2b 48 85 c0 74 46 48
0x000000007110b63b:   89 da 8b 08 ff 15 d7 5e 01 00 85 c0 74 27 48 83
0x000000007110b64b:   c4 28 5b 5e 5f 5d c3 48 8b 05 bf 32 01 00 48 85
0x000000007110b65b:   c0 74 64 48 8b 10 48 89 13 48 89 18 48 83 c4 28
0x000000007110b66b:   5b 5e 5f 5d c3 48 89 f2 48 83 c4 28 5b 5e 5f 5d
0x000000007110b67b:   48 ff e2 66 90 e8 8b fc ff ff 48 89 05 84 32 01
0x000000007110b68b:   00 eb ac 66 90 e8 ab fd ff ff e9 4b ff ff ff 66
0x000000007110b69b:   0f 1f 44 00 00 e8 db fc ff ff 48 89 05 5c 32 01
0x000000007110b6ab:   00 e9 2a ff ff ff e8 ca fc ff ff 48 89 05 4b 32
0x000000007110b6bb:   01 00 e9 33 ff ff ff e8 29 fc ff ff 48 89 05 4a
0x000000007110b6cb:   32 01 00 48 8b 10 48 85 c0 48 89 13 75 8b e8 12 


Stack slot to memory mapping:
stack at sp + 0 slots: 0x00000171d46a8e30 points into unknown readable memory: 5c 00 5c 00 2e 00 5c 00
stack at sp + 1 slots: 0x00000171ce68e3c0 points into unknown readable memory: 90 52 a2 cd 71 01 00 00
stack at sp + 2 slots: 0x000000007110b230 jSSC-2.8_x86_64.dll
stack at sp + 3 slots: 0x00000171a6ad0000 points into unknown readable memory: 00 00 00 00 00 00 00 00
stack at sp + 4 slots: 0x00000171a6bd0000 points into unknown readable memory: 00 00 00 00 00 00 00 00
stack at sp + 5 slots: 0x0000000000000004 is an unknown value
stack at sp + 6 slots: 0x00000171cda6b340 points into unknown readable memory: 00 ac c8 ff fb 7f 00 00
stack at sp + 7 slots: 0x0000000000000740 is an unknown value


---------------  P R O C E S S  ---------------

Threads class SMR info:
_java_thread_list=0x00000171cd2e1dc0, length=17, elements={
0x00000171a84ac000, 0x00000171cd002000, 0x00000171cd00b800, 0x00000171cc777800,
0x00000171cc778800, 0x00000171cc779800, 0x00000171cd062800, 0x00000171cd063800,
0x00000171cd1fd000, 0x00000171cd1f2800, 0x00000171cd296000, 0x00000171cd735800,
0x00000171cd9b4000, 0x00000171cda29000, 0x00000171cda6b000, 0x00000171cdfa9000,
0x00000171ce8d7000
}

Java Threads: ( => current thread )
  0x00000171a84ac000 JavaThread "main" [_thread_blocked, id=8312, stack(0x0000004372400000,0x0000004372500000)]
  0x00000171cd002000 JavaThread "Reference Handler" daemon [_thread_blocked, id=10100, stack(0x0000004372b00000,0x0000004372c00000)]
  0x00000171cd00b800 JavaThread "Finalizer" daemon [_thread_blocked, id=18124, stack(0x0000004372c00000,0x0000004372d00000)]
  0x00000171cc777800 JavaThread "Signal Dispatcher" daemon [_thread_blocked, id=15680, stack(0x0000004372d00000,0x0000004372e00000)]
  0x00000171cc778800 JavaThread "Attach Listener" daemon [_thread_blocked, id=8504, stack(0x0000004372e00000,0x0000004372f00000)]
  0x00000171cc779800 JavaThread "C2 CompilerThread0" daemon [_thread_blocked, id=17092, stack(0x0000004372f00000,0x0000004373000000)]
  0x00000171cd062800 JavaThread "C1 CompilerThread0" daemon [_thread_blocked, id=12464, stack(0x0000004373000000,0x0000004373100000)]
  0x00000171cd063800 JavaThread "Sweeper thread" daemon [_thread_blocked, id=5544, stack(0x0000004373100000,0x0000004373200000)]
  0x00000171cd1fd000 JavaThread "Service Thread" daemon [_thread_blocked, id=12548, stack(0x0000004373200000,0x0000004373300000)]
  0x00000171cd1f2800 JavaThread "Common-Cleaner" daemon [_thread_blocked, id=10348, stack(0x0000004373400000,0x0000004373500000)]
  0x00000171cd296000 JavaThread "JavaFX-Launcher" [_thread_blocked, id=12372, stack(0x0000004373500000,0x0000004373600000)]
  0x00000171cd735800 JavaThread "C2 CompilerThread1" daemon [_thread_in_native, id=7556, stack(0x0000004373600000,0x0000004373700000)]
  0x00000171cd9b4000 JavaThread "QuantumRenderer-0" daemon [_thread_blocked, id=4548, stack(0x0000004373700000,0x0000004373800000)]
  0x00000171cda29000 JavaThread "InvokeLaterDispatcher" daemon [_thread_blocked, id=14272, stack(0x0000004373800000,0x0000004373900000)]
=>0x00000171cda6b000 JavaThread "JavaFX Application Thread" [_thread_in_native, id=3476, stack(0x0000004373900000,0x0000004373a00000)]
  0x00000171cdfa9000 JavaThread "Thread-2" daemon [_thread_in_native, id=12664, stack(0x0000004373d00000,0x0000004373e00000)]
  0x00000171ce8d7000 JavaThread "C2 CompilerThread2" daemon [_thread_blocked, id=11380, stack(0x0000004374300000,0x0000004374400000)]

Other Threads:
  0x00000171cc74c000 VMThread "VM Thread" [stack: 0x0000004372a00000,0x0000004372b00000] [id=8732]
  0x00000171cd200800 WatcherThread [stack: 0x0000004373300000,0x0000004373400000] [id=7476]
  0x00000171a84c3800 GCTaskThread "GC Thread#0" [stack: 0x0000004372500000,0x0000004372600000] [id=8128]
  0x00000171cdfad800 GCTaskThread "GC Thread#1" [stack: 0x0000004373e00000,0x0000004373f00000] [id=16840]
  0x00000171ce3ee000 GCTaskThread "GC Thread#2" [stack: 0x0000004373f00000,0x0000004374000000] [id=12208]
  0x00000171ce5f1800 GCTaskThread "GC Thread#3" [stack: 0x0000004374000000,0x0000004374100000] [id=4676]
  0x00000171ce11c800 GCTaskThread "GC Thread#4" [stack: 0x0000004374100000,0x0000004374200000] [id=8008]
  0x00000171ce65b800 GCTaskThread "GC Thread#5" [stack: 0x0000004374200000,0x0000004374300000] [id=2460]
  0x00000171a8521000 ConcurrentGCThread "G1 Main Marker" [stack: 0x0000004372600000,0x0000004372700000] [id=11272]
  0x00000171a8522800 ConcurrentGCThread "G1 Conc#0" [stack: 0x0000004372700000,0x0000004372800000] [id=6280]
  0x00000171a858e000 ConcurrentGCThread "G1 Refine#0" [stack: 0x0000004372800000,0x0000004372900000] [id=15224]
  0x00000171cc629800 ConcurrentGCThread "G1 Young RemSet Sampling" [stack: 0x0000004372900000,0x0000004372a00000] [id=10080]

Threads with active compile tasks:
C2 CompilerThread1   1715 1193   !   4       com.sun.javafx.css.ParsedValueImpl::readBinary (688 bytes)

VM state:not at safepoint (normal execution)

VM Mutex/Monitor currently owned by a thread: None

Heap address: 0x0000000702400000, size: 4060 MB, Compressed Oops mode: Zero based, Oop shift amount: 3
Narrow klass base: 0x0000000800000000, Narrow klass shift: 0
Compressed class space size: 1073741824 Address: 0x0000000800000000

Heap:
 garbage-first heap   total 260096K, used 18957K [0x0000000702400000, 0x0000000800000000)
  region size 1024K, 18 young (18432K), 3 survivors (3072K)
 Metaspace       used 15943K, capacity 16383K, committed 16640K, reserved 1062912K
  class space    used 2015K, capacity 2194K, committed 2304K, reserved 1048576K
Heap Regions: E=young(eden), S=young(survivor), O=old, HS=humongous(starts), HC=humongous(continues), CS=collection set, F=free, A=archive, TAMS=top-at-mark-start (previous, next)
|   0|0x0000000702400000, 0x0000000702500000, 0x0000000702500000|100%| O|  |TAMS 0x0000000702400000, 0x0000000702400000| Untracked 
|   1|0x0000000702500000, 0x0000000702583600, 0x0000000702600000| 51%| O|  |TAMS 0x0000000702500000, 0x0000000702500000| Untracked 
|   2|0x0000000702600000, 0x0000000702600000, 0x0000000702700000|  0%| F|  |TAMS 0x0000000702600000, 0x0000000702600000| Untracked 
|   3|0x0000000702700000, 0x0000000702700000, 0x0000000702800000|  0%| F|  |TAMS 0x0000000702700000, 0x0000000702700000| Untracked 
|   4|0x0000000702800000, 0x0000000702800000, 0x0000000702900000|  0%| F|  |TAMS 0x0000000702800000, 0x0000000702800000| Untracked 
|   5|0x0000000702900000, 0x0000000702900000, 0x0000000702a00000|  0%| F|  |TAMS 0x0000000702900000, 0x0000000702900000| Untracked 
|   6|0x0000000702a00000, 0x0000000702a00000, 0x0000000702b00000|  0%| F|  |TAMS 0x0000000702a00000, 0x0000000702a00000| Untracked 
|   7|0x0000000702b00000, 0x0000000702b00000, 0x0000000702c00000|  0%| F|  |TAMS 0x0000000702b00000, 0x0000000702b00000| Untracked 
|   8|0x0000000702c00000, 0x0000000702c00000, 0x0000000702d00000|  0%| F|  |TAMS 0x0000000702c00000, 0x0000000702c00000| Untracked 
|   9|0x0000000702d00000, 0x0000000702d00000, 0x0000000702e00000|  0%| F|  |TAMS 0x0000000702d00000, 0x0000000702d00000| Untracked 
|  10|0x0000000702e00000, 0x0000000702e00000, 0x0000000702f00000|  0%| F|  |TAMS 0x0000000702e00000, 0x0000000702e00000| Untracked 
|  11|0x0000000702f00000, 0x0000000702f00000, 0x0000000703000000|  0%| F|  |TAMS 0x0000000702f00000, 0x0000000702f00000| Untracked 
|  12|0x0000000703000000, 0x0000000703000000, 0x0000000703100000|  0%| F|  |TAMS 0x0000000703000000, 0x0000000703000000| Untracked 
|  13|0x0000000703100000, 0x0000000703100000, 0x0000000703200000|  0%| F|  |TAMS 0x0000000703100000, 0x0000000703100000| Untracked 
|  14|0x0000000703200000, 0x0000000703200000, 0x0000000703300000|  0%| F|  |TAMS 0x0000000703200000, 0x0000000703200000| Untracked 
|  15|0x0000000703300000, 0x0000000703300000, 0x0000000703400000|  0%| F|  |TAMS 0x0000000703300000, 0x0000000703300000| Untracked 
|  16|0x0000000703400000, 0x0000000703400000, 0x0000000703500000|  0%| F|  |TAMS 0x0000000703400000, 0x0000000703400000| Untracked 
|  17|0x0000000703500000, 0x0000000703500000, 0x0000000703600000|  0%| F|  |TAMS 0x0000000703500000, 0x0000000703500000| Untracked 
|  18|0x0000000703600000, 0x0000000703600000, 0x0000000703700000|  0%| F|  |TAMS 0x0000000703600000, 0x0000000703600000| Untracked 
|  19|0x0000000703700000, 0x0000000703700000, 0x0000000703800000|  0%| F|  |TAMS 0x0000000703700000, 0x0000000703700000| Untracked 
|  20|0x0000000703800000, 0x0000000703800000, 0x0000000703900000|  0%| F|  |TAMS 0x0000000703800000, 0x0000000703800000| Untracked 
|  21|0x0000000703900000, 0x0000000703900000, 0x0000000703a00000|  0%| F|  |TAMS 0x0000000703900000, 0x0000000703900000| Untracked 
|  22|0x0000000703a00000, 0x0000000703a00000, 0x0000000703b00000|  0%| F|  |TAMS 0x0000000703a00000, 0x0000000703a00000| Untracked 
|  23|0x0000000703b00000, 0x0000000703b00000, 0x0000000703c00000|  0%| F|  |TAMS 0x0000000703b00000, 0x0000000703b00000| Untracked 
|  24|0x0000000703c00000, 0x0000000703c00000, 0x0000000703d00000|  0%| F|  |TAMS 0x0000000703c00000, 0x0000000703c00000| Untracked 
|  25|0x0000000703d00000, 0x0000000703d00000, 0x0000000703e00000|  0%| F|  |TAMS 0x0000000703d00000, 0x0000000703d00000| Untracked 
|  26|0x0000000703e00000, 0x0000000703e00000, 0x0000000703f00000|  0%| F|  |TAMS 0x0000000703e00000, 0x0000000703e00000| Untracked 
|  27|0x0000000703f00000, 0x0000000703f00000, 0x0000000704000000|  0%| F|  |TAMS 0x0000000703f00000, 0x0000000703f00000| Untracked 
|  28|0x0000000704000000, 0x0000000704000000, 0x0000000704100000|  0%| F|  |TAMS 0x0000000704000000, 0x0000000704000000| Untracked 
|  29|0x0000000704100000, 0x0000000704100000, 0x0000000704200000|  0%| F|  |TAMS 0x0000000704100000, 0x0000000704100000| Untracked 
|  30|0x0000000704200000, 0x0000000704200000, 0x0000000704300000|  0%| F|  |TAMS 0x0000000704200000, 0x0000000704200000| Untracked 
|  31|0x0000000704300000, 0x0000000704300000, 0x0000000704400000|  0%| F|  |TAMS 0x0000000704300000, 0x0000000704300000| Untracked 
|  32|0x0000000704400000, 0x0000000704400000, 0x0000000704500000|  0%| F|  |TAMS 0x0000000704400000, 0x0000000704400000| Untracked 
|  33|0x0000000704500000, 0x0000000704500000, 0x0000000704600000|  0%| F|  |TAMS 0x0000000704500000, 0x0000000704500000| Untracked 
|  34|0x0000000704600000, 0x0000000704600000, 0x0000000704700000|  0%| F|  |TAMS 0x0000000704600000, 0x0000000704600000| Untracked 
|  35|0x0000000704700000, 0x0000000704700000, 0x0000000704800000|  0%| F|  |TAMS 0x0000000704700000, 0x0000000704700000| Untracked 
|  36|0x0000000704800000, 0x0000000704800000, 0x0000000704900000|  0%| F|  |TAMS 0x0000000704800000, 0x0000000704800000| Untracked 
|  37|0x0000000704900000, 0x0000000704900000, 0x0000000704a00000|  0%| F|  |TAMS 0x0000000704900000, 0x0000000704900000| Untracked 
|  38|0x0000000704a00000, 0x0000000704a00000, 0x0000000704b00000|  0%| F|  |TAMS 0x0000000704a00000, 0x0000000704a00000| Untracked 
|  39|0x0000000704b00000, 0x0000000704b00000, 0x0000000704c00000|  0%| F|  |TAMS 0x0000000704b00000, 0x0000000704b00000| Untracked 
|  40|0x0000000704c00000, 0x0000000704c00000, 0x0000000704d00000|  0%| F|  |TAMS 0x0000000704c00000, 0x0000000704c00000| Untracked 
|  41|0x0000000704d00000, 0x0000000704d00000, 0x0000000704e00000|  0%| F|  |TAMS 0x0000000704d00000, 0x0000000704d00000| Untracked 
|  42|0x0000000704e00000, 0x0000000704e00000, 0x0000000704f00000|  0%| F|  |TAMS 0x0000000704e00000, 0x0000000704e00000| Untracked 
|  43|0x0000000704f00000, 0x0000000704f00000, 0x0000000705000000|  0%| F|  |TAMS 0x0000000704f00000, 0x0000000704f00000| Untracked 
|  44|0x0000000705000000, 0x0000000705000000, 0x0000000705100000|  0%| F|  |TAMS 0x0000000705000000, 0x0000000705000000| Untracked 
|  45|0x0000000705100000, 0x0000000705100000, 0x0000000705200000|  0%| F|  |TAMS 0x0000000705100000, 0x0000000705100000| Untracked 
|  46|0x0000000705200000, 0x0000000705200000, 0x0000000705300000|  0%| F|  |TAMS 0x0000000705200000, 0x0000000705200000| Untracked 
|  47|0x0000000705300000, 0x0000000705300000, 0x0000000705400000|  0%| F|  |TAMS 0x0000000705300000, 0x0000000705300000| Untracked 
|  48|0x0000000705400000, 0x0000000705400000, 0x0000000705500000|  0%| F|  |TAMS 0x0000000705400000, 0x0000000705400000| Untracked 
|  49|0x0000000705500000, 0x0000000705500000, 0x0000000705600000|  0%| F|  |TAMS 0x0000000705500000, 0x0000000705500000| Untracked 
|  50|0x0000000705600000, 0x0000000705600000, 0x0000000705700000|  0%| F|  |TAMS 0x0000000705600000, 0x0000000705600000| Untracked 
|  51|0x0000000705700000, 0x0000000705700000, 0x0000000705800000|  0%| F|  |TAMS 0x0000000705700000, 0x0000000705700000| Untracked 
|  52|0x0000000705800000, 0x0000000705800000, 0x0000000705900000|  0%| F|  |TAMS 0x0000000705800000, 0x0000000705800000| Untracked 
|  53|0x0000000705900000, 0x0000000705900000, 0x0000000705a00000|  0%| F|  |TAMS 0x0000000705900000, 0x0000000705900000| Untracked 
|  54|0x0000000705a00000, 0x0000000705a00000, 0x0000000705b00000|  0%| F|  |TAMS 0x0000000705a00000, 0x0000000705a00000| Untracked 
|  55|0x0000000705b00000, 0x0000000705b00000, 0x0000000705c00000|  0%| F|  |TAMS 0x0000000705b00000, 0x0000000705b00000| Untracked 
|  56|0x0000000705c00000, 0x0000000705c00000, 0x0000000705d00000|  0%| F|  |TAMS 0x0000000705c00000, 0x0000000705c00000| Untracked 
|  57|0x0000000705d00000, 0x0000000705d00000, 0x0000000705e00000|  0%| F|  |TAMS 0x0000000705d00000, 0x0000000705d00000| Untracked 
|  58|0x0000000705e00000, 0x0000000705e00000, 0x0000000705f00000|  0%| F|  |TAMS 0x0000000705e00000, 0x0000000705e00000| Untracked 
|  59|0x0000000705f00000, 0x0000000705f00000, 0x0000000706000000|  0%| F|  |TAMS 0x0000000705f00000, 0x0000000705f00000| Untracked 
|  60|0x0000000706000000, 0x0000000706000000, 0x0000000706100000|  0%| F|  |TAMS 0x0000000706000000, 0x0000000706000000| Untracked 
|  61|0x0000000706100000, 0x0000000706100000, 0x0000000706200000|  0%| F|  |TAMS 0x0000000706100000, 0x0000000706100000| Untracked 
|  62|0x0000000706200000, 0x0000000706200000, 0x0000000706300000|  0%| F|  |TAMS 0x0000000706200000, 0x0000000706200000| Untracked 
|  63|0x0000000706300000, 0x0000000706300000, 0x0000000706400000|  0%| F|  |TAMS 0x0000000706300000, 0x0000000706300000| Untracked 
|  64|0x0000000706400000, 0x0000000706400000, 0x0000000706500000|  0%| F|  |TAMS 0x0000000706400000, 0x0000000706400000| Untracked 
|  65|0x0000000706500000, 0x0000000706500000, 0x0000000706600000|  0%| F|  |TAMS 0x0000000706500000, 0x0000000706500000| Untracked 
|  66|0x0000000706600000, 0x0000000706600000, 0x0000000706700000|  0%| F|  |TAMS 0x0000000706600000, 0x0000000706600000| Untracked 
|  67|0x0000000706700000, 0x0000000706700000, 0x0000000706800000|  0%| F|  |TAMS 0x0000000706700000, 0x0000000706700000| Untracked 
|  68|0x0000000706800000, 0x0000000706800000, 0x0000000706900000|  0%| F|  |TAMS 0x0000000706800000, 0x0000000706800000| Untracked 
|  69|0x0000000706900000, 0x0000000706900000, 0x0000000706a00000|  0%| F|  |TAMS 0x0000000706900000, 0x0000000706900000| Untracked 
|  70|0x0000000706a00000, 0x0000000706a00000, 0x0000000706b00000|  0%| F|  |TAMS 0x0000000706a00000, 0x0000000706a00000| Untracked 
|  71|0x0000000706b00000, 0x0000000706b00000, 0x0000000706c00000|  0%| F|  |TAMS 0x0000000706b00000, 0x0000000706b00000| Untracked 
|  72|0x0000000706c00000, 0x0000000706c00000, 0x0000000706d00000|  0%| F|  |TAMS 0x0000000706c00000, 0x0000000706c00000| Untracked 
|  73|0x0000000706d00000, 0x0000000706d00000, 0x0000000706e00000|  0%| F|  |TAMS 0x0000000706d00000, 0x0000000706d00000| Untracked 
|  74|0x0000000706e00000, 0x0000000706e00000, 0x0000000706f00000|  0%| F|  |TAMS 0x0000000706e00000, 0x0000000706e00000| Untracked 
|  75|0x0000000706f00000, 0x0000000706f00000, 0x0000000707000000|  0%| F|  |TAMS 0x0000000706f00000, 0x0000000706f00000| Untracked 
|  76|0x0000000707000000, 0x0000000707000000, 0x0000000707100000|  0%| F|  |TAMS 0x0000000707000000, 0x0000000707000000| Untracked 
|  77|0x0000000707100000, 0x0000000707100000, 0x0000000707200000|  0%| F|  |TAMS 0x0000000707100000, 0x0000000707100000| Untracked 
|  78|0x0000000707200000, 0x0000000707200000, 0x0000000707300000|  0%| F|  |TAMS 0x0000000707200000, 0x0000000707200000| Untracked 
|  79|0x0000000707300000, 0x0000000707300000, 0x0000000707400000|  0%| F|  |TAMS 0x0000000707300000, 0x0000000707300000| Untracked 
|  80|0x0000000707400000, 0x0000000707400000, 0x0000000707500000|  0%| F|  |TAMS 0x0000000707400000, 0x0000000707400000| Untracked 
|  81|0x0000000707500000, 0x0000000707500000, 0x0000000707600000|  0%| F|  |TAMS 0x0000000707500000, 0x0000000707500000| Untracked 
|  82|0x0000000707600000, 0x0000000707600000, 0x0000000707700000|  0%| F|  |TAMS 0x0000000707600000, 0x0000000707600000| Untracked 
|  83|0x0000000707700000, 0x0000000707700000, 0x0000000707800000|  0%| F|  |TAMS 0x0000000707700000, 0x0000000707700000| Untracked 
|  84|0x0000000707800000, 0x0000000707800000, 0x0000000707900000|  0%| F|  |TAMS 0x0000000707800000, 0x0000000707800000| Untracked 
|  85|0x0000000707900000, 0x0000000707900000, 0x0000000707a00000|  0%| F|  |TAMS 0x0000000707900000, 0x0000000707900000| Untracked 
|  86|0x0000000707a00000, 0x0000000707a00000, 0x0000000707b00000|  0%| F|  |TAMS 0x0000000707a00000, 0x0000000707a00000| Untracked 
|  87|0x0000000707b00000, 0x0000000707b00000, 0x0000000707c00000|  0%| F|  |TAMS 0x0000000707b00000, 0x0000000707b00000| Untracked 
|  88|0x0000000707c00000, 0x0000000707c00000, 0x0000000707d00000|  0%| F|  |TAMS 0x0000000707c00000, 0x0000000707c00000| Untracked 
|  89|0x0000000707d00000, 0x0000000707d00000, 0x0000000707e00000|  0%| F|  |TAMS 0x0000000707d00000, 0x0000000707d00000| Untracked 
|  90|0x0000000707e00000, 0x0000000707e00000, 0x0000000707f00000|  0%| F|  |TAMS 0x0000000707e00000, 0x0000000707e00000| Untracked 
|  91|0x0000000707f00000, 0x0000000707f00000, 0x0000000708000000|  0%| F|  |TAMS 0x0000000707f00000, 0x0000000707f00000| Untracked 
|  92|0x0000000708000000, 0x0000000708000000, 0x0000000708100000|  0%| F|  |TAMS 0x0000000708000000, 0x0000000708000000| Untracked 
|  93|0x0000000708100000, 0x0000000708100000, 0x0000000708200000|  0%| F|  |TAMS 0x0000000708100000, 0x0000000708100000| Untracked 
|  94|0x0000000708200000, 0x0000000708200000, 0x0000000708300000|  0%| F|  |TAMS 0x0000000708200000, 0x0000000708200000| Untracked 
|  95|0x0000000708300000, 0x0000000708300000, 0x0000000708400000|  0%| F|  |TAMS 0x0000000708300000, 0x0000000708300000| Untracked 
|  96|0x0000000708400000, 0x0000000708400000, 0x0000000708500000|  0%| F|  |TAMS 0x0000000708400000, 0x0000000708400000| Untracked 
|  97|0x0000000708500000, 0x0000000708500000, 0x0000000708600000|  0%| F|  |TAMS 0x0000000708500000, 0x0000000708500000| Untracked 
|  98|0x0000000708600000, 0x0000000708600000, 0x0000000708700000|  0%| F|  |TAMS 0x0000000708600000, 0x0000000708600000| Untracked 
|  99|0x0000000708700000, 0x0000000708700000, 0x0000000708800000|  0%| F|  |TAMS 0x0000000708700000, 0x0000000708700000| Untracked 
| 100|0x0000000708800000, 0x0000000708800000, 0x0000000708900000|  0%| F|  |TAMS 0x0000000708800000, 0x0000000708800000| Untracked 
| 101|0x0000000708900000, 0x0000000708900000, 0x0000000708a00000|  0%| F|  |TAMS 0x0000000708900000, 0x0000000708900000| Untracked 
| 102|0x0000000708a00000, 0x0000000708a00000, 0x0000000708b00000|  0%| F|  |TAMS 0x0000000708a00000, 0x0000000708a00000| Untracked 
| 103|0x0000000708b00000, 0x0000000708b00000, 0x0000000708c00000|  0%| F|  |TAMS 0x0000000708b00000, 0x0000000708b00000| Untracked 
| 104|0x0000000708c00000, 0x0000000708c00000, 0x0000000708d00000|  0%| F|  |TAMS 0x0000000708c00000, 0x0000000708c00000| Untracked 
| 105|0x0000000708d00000, 0x0000000708d00000, 0x0000000708e00000|  0%| F|  |TAMS 0x0000000708d00000, 0x0000000708d00000| Untracked 
| 106|0x0000000708e00000, 0x0000000708e00000, 0x0000000708f00000|  0%| F|  |TAMS 0x0000000708e00000, 0x0000000708e00000| Untracked 
| 107|0x0000000708f00000, 0x0000000708f00000, 0x0000000709000000|  0%| F|  |TAMS 0x0000000708f00000, 0x0000000708f00000| Untracked 
| 108|0x0000000709000000, 0x0000000709000000, 0x0000000709100000|  0%| F|  |TAMS 0x0000000709000000, 0x0000000709000000| Untracked 
| 109|0x0000000709100000, 0x0000000709100000, 0x0000000709200000|  0%| F|  |TAMS 0x0000000709100000, 0x0000000709100000| Untracked 
| 110|0x0000000709200000, 0x0000000709200000, 0x0000000709300000|  0%| F|  |TAMS 0x0000000709200000, 0x0000000709200000| Untracked 
| 111|0x0000000709300000, 0x0000000709300000, 0x0000000709400000|  0%| F|  |TAMS 0x0000000709300000, 0x0000000709300000| Untracked 
| 112|0x0000000709400000, 0x0000000709400000, 0x0000000709500000|  0%| F|  |TAMS 0x0000000709400000, 0x0000000709400000| Untracked 
| 113|0x0000000709500000, 0x0000000709500000, 0x0000000709600000|  0%| F|  |TAMS 0x0000000709500000, 0x0000000709500000| Untracked 
| 114|0x0000000709600000, 0x0000000709600000, 0x0000000709700000|  0%| F|  |TAMS 0x0000000709600000, 0x0000000709600000| Untracked 
| 115|0x0000000709700000, 0x0000000709700000, 0x0000000709800000|  0%| F|  |TAMS 0x0000000709700000, 0x0000000709700000| Untracked 
| 116|0x0000000709800000, 0x0000000709800000, 0x0000000709900000|  0%| F|  |TAMS 0x0000000709800000, 0x0000000709800000| Untracked 
| 117|0x0000000709900000, 0x0000000709900000, 0x0000000709a00000|  0%| F|  |TAMS 0x0000000709900000, 0x0000000709900000| Untracked 
| 118|0x0000000709a00000, 0x0000000709a00000, 0x0000000709b00000|  0%| F|  |TAMS 0x0000000709a00000, 0x0000000709a00000| Untracked 
| 119|0x0000000709b00000, 0x0000000709b00000, 0x0000000709c00000|  0%| F|  |TAMS 0x0000000709b00000, 0x0000000709b00000| Untracked 
| 120|0x0000000709c00000, 0x0000000709c00000, 0x0000000709d00000|  0%| F|  |TAMS 0x0000000709c00000, 0x0000000709c00000| Untracked 
| 121|0x0000000709d00000, 0x0000000709d00000, 0x0000000709e00000|  0%| F|  |TAMS 0x0000000709d00000, 0x0000000709d00000| Untracked 
| 122|0x0000000709e00000, 0x0000000709e00000, 0x0000000709f00000|  0%| F|  |TAMS 0x0000000709e00000, 0x0000000709e00000| Untracked 
| 123|0x0000000709f00000, 0x0000000709f00000, 0x000000070a000000|  0%| F|  |TAMS 0x0000000709f00000, 0x0000000709f00000| Untracked 
| 124|0x000000070a000000, 0x000000070a000000, 0x000000070a100000|  0%| F|  |TAMS 0x000000070a000000, 0x000000070a000000| Untracked 
| 125|0x000000070a100000, 0x000000070a100000, 0x000000070a200000|  0%| F|  |TAMS 0x000000070a100000, 0x000000070a100000| Untracked 
| 126|0x000000070a200000, 0x000000070a200000, 0x000000070a300000|  0%| F|  |TAMS 0x000000070a200000, 0x000000070a200000| Untracked 
| 127|0x000000070a300000, 0x000000070a300000, 0x000000070a400000|  0%| F|  |TAMS 0x000000070a300000, 0x000000070a300000| Untracked 
| 128|0x000000070a400000, 0x000000070a400000, 0x000000070a500000|  0%| F|  |TAMS 0x000000070a400000, 0x000000070a400000| Untracked 
| 129|0x000000070a500000, 0x000000070a500000, 0x000000070a600000|  0%| F|  |TAMS 0x000000070a500000, 0x000000070a500000| Untracked 
| 130|0x000000070a600000, 0x000000070a600000, 0x000000070a700000|  0%| F|  |TAMS 0x000000070a600000, 0x000000070a600000| Untracked 
| 131|0x000000070a700000, 0x000000070a700000, 0x000000070a800000|  0%| F|  |TAMS 0x000000070a700000, 0x000000070a700000| Untracked 
| 132|0x000000070a800000, 0x000000070a800000, 0x000000070a900000|  0%| F|  |TAMS 0x000000070a800000, 0x000000070a800000| Untracked 
| 133|0x000000070a900000, 0x000000070a900000, 0x000000070aa00000|  0%| F|  |TAMS 0x000000070a900000, 0x000000070a900000| Untracked 
| 134|0x000000070aa00000, 0x000000070aa00000, 0x000000070ab00000|  0%| F|  |TAMS 0x000000070aa00000, 0x000000070aa00000| Untracked 
| 135|0x000000070ab00000, 0x000000070ab00000, 0x000000070ac00000|  0%| F|  |TAMS 0x000000070ab00000, 0x000000070ab00000| Untracked 
| 136|0x000000070ac00000, 0x000000070ac00000, 0x000000070ad00000|  0%| F|  |TAMS 0x000000070ac00000, 0x000000070ac00000| Untracked 
| 137|0x000000070ad00000, 0x000000070ad00000, 0x000000070ae00000|  0%| F|  |TAMS 0x000000070ad00000, 0x000000070ad00000| Untracked 
| 138|0x000000070ae00000, 0x000000070ae00000, 0x000000070af00000|  0%| F|  |TAMS 0x000000070ae00000, 0x000000070ae00000| Untracked 
| 139|0x000000070af00000, 0x000000070af00000, 0x000000070b000000|  0%| F|  |TAMS 0x000000070af00000, 0x000000070af00000| Untracked 
| 140|0x000000070b000000, 0x000000070b000000, 0x000000070b100000|  0%| F|  |TAMS 0x000000070b000000, 0x000000070b000000| Untracked 
| 141|0x000000070b100000, 0x000000070b100000, 0x000000070b200000|  0%| F|  |TAMS 0x000000070b100000, 0x000000070b100000| Untracked 
| 142|0x000000070b200000, 0x000000070b200000, 0x000000070b300000|  0%| F|  |TAMS 0x000000070b200000, 0x000000070b200000| Untracked 
| 143|0x000000070b300000, 0x000000070b300000, 0x000000070b400000|  0%| F|  |TAMS 0x000000070b300000, 0x000000070b300000| Untracked 
| 144|0x000000070b400000, 0x000000070b400000, 0x000000070b500000|  0%| F|  |TAMS 0x000000070b400000, 0x000000070b400000| Untracked 
| 145|0x000000070b500000, 0x000000070b500000, 0x000000070b600000|  0%| F|  |TAMS 0x000000070b500000, 0x000000070b500000| Untracked 
| 146|0x000000070b600000, 0x000000070b600000, 0x000000070b700000|  0%| F|  |TAMS 0x000000070b600000, 0x000000070b600000| Untracked 
| 147|0x000000070b700000, 0x000000070b700000, 0x000000070b800000|  0%| F|  |TAMS 0x000000070b700000, 0x000000070b700000| Untracked 
| 148|0x000000070b800000, 0x000000070b800000, 0x000000070b900000|  0%| F|  |TAMS 0x000000070b800000, 0x000000070b800000| Untracked 
| 149|0x000000070b900000, 0x000000070b900000, 0x000000070ba00000|  0%| F|  |TAMS 0x000000070b900000, 0x000000070b900000| Untracked 
| 150|0x000000070ba00000, 0x000000070ba00000, 0x000000070bb00000|  0%| F|  |TAMS 0x000000070ba00000, 0x000000070ba00000| Untracked 
| 151|0x000000070bb00000, 0x000000070bb00000, 0x000000070bc00000|  0%| F|  |TAMS 0x000000070bb00000, 0x000000070bb00000| Untracked 
| 152|0x000000070bc00000, 0x000000070bc00000, 0x000000070bd00000|  0%| F|  |TAMS 0x000000070bc00000, 0x000000070bc00000| Untracked 
| 153|0x000000070bd00000, 0x000000070bd00000, 0x000000070be00000|  0%| F|  |TAMS 0x000000070bd00000, 0x000000070bd00000| Untracked 
| 154|0x000000070be00000, 0x000000070be00000, 0x000000070bf00000|  0%| F|  |TAMS 0x000000070be00000, 0x000000070be00000| Untracked 
| 155|0x000000070bf00000, 0x000000070bf00000, 0x000000070c000000|  0%| F|  |TAMS 0x000000070bf00000, 0x000000070bf00000| Untracked 
| 156|0x000000070c000000, 0x000000070c000000, 0x000000070c100000|  0%| F|  |TAMS 0x000000070c000000, 0x000000070c000000| Untracked 
| 157|0x000000070c100000, 0x000000070c100000, 0x000000070c200000|  0%| F|  |TAMS 0x000000070c100000, 0x000000070c100000| Untracked 
| 158|0x000000070c200000, 0x000000070c200000, 0x000000070c300000|  0%| F|  |TAMS 0x000000070c200000, 0x000000070c200000| Untracked 
| 159|0x000000070c300000, 0x000000070c300000, 0x000000070c400000|  0%| F|  |TAMS 0x000000070c300000, 0x000000070c300000| Untracked 
| 160|0x000000070c400000, 0x000000070c400000, 0x000000070c500000|  0%| F|  |TAMS 0x000000070c400000, 0x000000070c400000| Untracked 
| 161|0x000000070c500000, 0x000000070c500000, 0x000000070c600000|  0%| F|  |TAMS 0x000000070c500000, 0x000000070c500000| Untracked 
| 162|0x000000070c600000, 0x000000070c600000, 0x000000070c700000|  0%| F|  |TAMS 0x000000070c600000, 0x000000070c600000| Untracked 
| 163|0x000000070c700000, 0x000000070c700000, 0x000000070c800000|  0%| F|  |TAMS 0x000000070c700000, 0x000000070c700000| Untracked 
| 164|0x000000070c800000, 0x000000070c800000, 0x000000070c900000|  0%| F|  |TAMS 0x000000070c800000, 0x000000070c800000| Untracked 
| 165|0x000000070c900000, 0x000000070c900000, 0x000000070ca00000|  0%| F|  |TAMS 0x000000070c900000, 0x000000070c900000| Untracked 
| 166|0x000000070ca00000, 0x000000070ca00000, 0x000000070cb00000|  0%| F|  |TAMS 0x000000070ca00000, 0x000000070ca00000| Untracked 
| 167|0x000000070cb00000, 0x000000070cb00000, 0x000000070cc00000|  0%| F|  |TAMS 0x000000070cb00000, 0x000000070cb00000| Untracked 
| 168|0x000000070cc00000, 0x000000070cc00000, 0x000000070cd00000|  0%| F|  |TAMS 0x000000070cc00000, 0x000000070cc00000| Untracked 
| 169|0x000000070cd00000, 0x000000070cd00000, 0x000000070ce00000|  0%| F|  |TAMS 0x000000070cd00000, 0x000000070cd00000| Untracked 
| 170|0x000000070ce00000, 0x000000070ce00000, 0x000000070cf00000|  0%| F|  |TAMS 0x000000070ce00000, 0x000000070ce00000| Untracked 
| 171|0x000000070cf00000, 0x000000070cf00000, 0x000000070d000000|  0%| F|  |TAMS 0x000000070cf00000, 0x000000070cf00000| Untracked 
| 172|0x000000070d000000, 0x000000070d000000, 0x000000070d100000|  0%| F|  |TAMS 0x000000070d000000, 0x000000070d000000| Untracked 
| 173|0x000000070d100000, 0x000000070d100000, 0x000000070d200000|  0%| F|  |TAMS 0x000000070d100000, 0x000000070d100000| Untracked 
| 174|0x000000070d200000, 0x000000070d200000, 0x000000070d300000|  0%| F|  |TAMS 0x000000070d200000, 0x000000070d200000| Untracked 
| 175|0x000000070d300000, 0x000000070d300000, 0x000000070d400000|  0%| F|  |TAMS 0x000000070d300000, 0x000000070d300000| Untracked 
| 176|0x000000070d400000, 0x000000070d400000, 0x000000070d500000|  0%| F|  |TAMS 0x000000070d400000, 0x000000070d400000| Untracked 
| 177|0x000000070d500000, 0x000000070d500000, 0x000000070d600000|  0%| F|  |TAMS 0x000000070d500000, 0x000000070d500000| Untracked 
| 178|0x000000070d600000, 0x000000070d600000, 0x000000070d700000|  0%| F|  |TAMS 0x000000070d600000, 0x000000070d600000| Untracked 
| 179|0x000000070d700000, 0x000000070d700000, 0x000000070d800000|  0%| F|  |TAMS 0x000000070d700000, 0x000000070d700000| Untracked 
| 180|0x000000070d800000, 0x000000070d800000, 0x000000070d900000|  0%| F|  |TAMS 0x000000070d800000, 0x000000070d800000| Untracked 
| 181|0x000000070d900000, 0x000000070d900000, 0x000000070da00000|  0%| F|  |TAMS 0x000000070d900000, 0x000000070d900000| Untracked 
| 182|0x000000070da00000, 0x000000070da00000, 0x000000070db00000|  0%| F|  |TAMS 0x000000070da00000, 0x000000070da00000| Untracked 
| 183|0x000000070db00000, 0x000000070db00000, 0x000000070dc00000|  0%| F|  |TAMS 0x000000070db00000, 0x000000070db00000| Untracked 
| 184|0x000000070dc00000, 0x000000070dc00000, 0x000000070dd00000|  0%| F|  |TAMS 0x000000070dc00000, 0x000000070dc00000| Untracked 
| 185|0x000000070dd00000, 0x000000070dd00000, 0x000000070de00000|  0%| F|  |TAMS 0x000000070dd00000, 0x000000070dd00000| Untracked 
| 186|0x000000070de00000, 0x000000070de00000, 0x000000070df00000|  0%| F|  |TAMS 0x000000070de00000, 0x000000070de00000| Untracked 
| 187|0x000000070df00000, 0x000000070df00000, 0x000000070e000000|  0%| F|  |TAMS 0x000000070df00000, 0x000000070df00000| Untracked 
| 188|0x000000070e000000, 0x000000070e000000, 0x000000070e100000|  0%| F|  |TAMS 0x000000070e000000, 0x000000070e000000| Untracked 
| 189|0x000000070e100000, 0x000000070e100000, 0x000000070e200000|  0%| F|  |TAMS 0x000000070e100000, 0x000000070e100000| Untracked 
| 190|0x000000070e200000, 0x000000070e200000, 0x000000070e300000|  0%| F|  |TAMS 0x000000070e200000, 0x000000070e200000| Untracked 
| 191|0x000000070e300000, 0x000000070e300000, 0x000000070e400000|  0%| F|  |TAMS 0x000000070e300000, 0x000000070e300000| Untracked 
| 192|0x000000070e400000, 0x000000070e400000, 0x000000070e500000|  0%| F|  |TAMS 0x000000070e400000, 0x000000070e400000| Untracked 
| 193|0x000000070e500000, 0x000000070e500000, 0x000000070e600000|  0%| F|  |TAMS 0x000000070e500000, 0x000000070e500000| Untracked 
| 194|0x000000070e600000, 0x000000070e600000, 0x000000070e700000|  0%| F|  |TAMS 0x000000070e600000, 0x000000070e600000| Untracked 
| 195|0x000000070e700000, 0x000000070e700000, 0x000000070e800000|  0%| F|  |TAMS 0x000000070e700000, 0x000000070e700000| Untracked 
| 196|0x000000070e800000, 0x000000070e800000, 0x000000070e900000|  0%| F|  |TAMS 0x000000070e800000, 0x000000070e800000| Untracked 
| 197|0x000000070e900000, 0x000000070e900000, 0x000000070ea00000|  0%| F|  |TAMS 0x000000070e900000, 0x000000070e900000| Untracked 
| 198|0x000000070ea00000, 0x000000070ea00000, 0x000000070eb00000|  0%| F|  |TAMS 0x000000070ea00000, 0x000000070ea00000| Untracked 
| 199|0x000000070eb00000, 0x000000070eb00000, 0x000000070ec00000|  0%| F|  |TAMS 0x000000070eb00000, 0x000000070eb00000| Untracked 
| 200|0x000000070ec00000, 0x000000070ec00000, 0x000000070ed00000|  0%| F|  |TAMS 0x000000070ec00000, 0x000000070ec00000| Untracked 
| 201|0x000000070ed00000, 0x000000070ed00000, 0x000000070ee00000|  0%| F|  |TAMS 0x000000070ed00000, 0x000000070ed00000| Untracked 
| 202|0x000000070ee00000, 0x000000070ee00000, 0x000000070ef00000|  0%| F|  |TAMS 0x000000070ee00000, 0x000000070ee00000| Untracked 
| 203|0x000000070ef00000, 0x000000070ef00000, 0x000000070f000000|  0%| F|  |TAMS 0x000000070ef00000, 0x000000070ef00000| Untracked 
| 204|0x000000070f000000, 0x000000070f000000, 0x000000070f100000|  0%| F|  |TAMS 0x000000070f000000, 0x000000070f000000| Untracked 
| 205|0x000000070f100000, 0x000000070f100000, 0x000000070f200000|  0%| F|  |TAMS 0x000000070f100000, 0x000000070f100000| Untracked 
| 206|0x000000070f200000, 0x000000070f200000, 0x000000070f300000|  0%| F|  |TAMS 0x000000070f200000, 0x000000070f200000| Untracked 
| 207|0x000000070f300000, 0x000000070f300000, 0x000000070f400000|  0%| F|  |TAMS 0x000000070f300000, 0x000000070f300000| Untracked 
| 208|0x000000070f400000, 0x000000070f400000, 0x000000070f500000|  0%| F|  |TAMS 0x000000070f400000, 0x000000070f400000| Untracked 
| 209|0x000000070f500000, 0x000000070f500000, 0x000000070f600000|  0%| F|  |TAMS 0x000000070f500000, 0x000000070f500000| Untracked 
| 210|0x000000070f600000, 0x000000070f600000, 0x000000070f700000|  0%| F|  |TAMS 0x000000070f600000, 0x000000070f600000| Untracked 
| 211|0x000000070f700000, 0x000000070f700000, 0x000000070f800000|  0%| F|  |TAMS 0x000000070f700000, 0x000000070f700000| Untracked 
| 212|0x000000070f800000, 0x000000070f800000, 0x000000070f900000|  0%| F|  |TAMS 0x000000070f800000, 0x000000070f800000| Untracked 
| 213|0x000000070f900000, 0x000000070f900000, 0x000000070fa00000|  0%| F|  |TAMS 0x000000070f900000, 0x000000070f900000| Untracked 
| 214|0x000000070fa00000, 0x000000070fa00000, 0x000000070fb00000|  0%| F|  |TAMS 0x000000070fa00000, 0x000000070fa00000| Untracked 
| 215|0x000000070fb00000, 0x000000070fb00000, 0x000000070fc00000|  0%| F|  |TAMS 0x000000070fb00000, 0x000000070fb00000| Untracked 
| 216|0x000000070fc00000, 0x000000070fc00000, 0x000000070fd00000|  0%| F|  |TAMS 0x000000070fc00000, 0x000000070fc00000| Untracked 
| 217|0x000000070fd00000, 0x000000070fd00000, 0x000000070fe00000|  0%| F|  |TAMS 0x000000070fd00000, 0x000000070fd00000| Untracked 
| 218|0x000000070fe00000, 0x000000070fe00000, 0x000000070ff00000|  0%| F|  |TAMS 0x000000070fe00000, 0x000000070fe00000| Untracked 
| 219|0x000000070ff00000, 0x000000070ff00000, 0x0000000710000000|  0%| F|  |TAMS 0x000000070ff00000, 0x000000070ff00000| Untracked 
| 220|0x0000000710000000, 0x0000000710000000, 0x0000000710100000|  0%| F|  |TAMS 0x0000000710000000, 0x0000000710000000| Untracked 
| 221|0x0000000710100000, 0x0000000710100000, 0x0000000710200000|  0%| F|  |TAMS 0x0000000710100000, 0x0000000710100000| Untracked 
| 222|0x0000000710200000, 0x0000000710200000, 0x0000000710300000|  0%| F|  |TAMS 0x0000000710200000, 0x0000000710200000| Untracked 
| 223|0x0000000710300000, 0x0000000710300000, 0x0000000710400000|  0%| F|  |TAMS 0x0000000710300000, 0x0000000710300000| Untracked 
| 224|0x0000000710400000, 0x0000000710400000, 0x0000000710500000|  0%| F|  |TAMS 0x0000000710400000, 0x0000000710400000| Untracked 
| 225|0x0000000710500000, 0x0000000710500000, 0x0000000710600000|  0%| F|  |TAMS 0x0000000710500000, 0x0000000710500000| Untracked 
| 226|0x0000000710600000, 0x0000000710600000, 0x0000000710700000|  0%| F|  |TAMS 0x0000000710600000, 0x0000000710600000| Untracked 
| 227|0x0000000710700000, 0x0000000710800000, 0x0000000710800000|100%| S|CS|TAMS 0x0000000710700000, 0x0000000710700000| Complete 
| 228|0x0000000710800000, 0x0000000710900000, 0x0000000710900000|100%| S|CS|TAMS 0x0000000710800000, 0x0000000710800000| Complete 
| 229|0x0000000710900000, 0x0000000710a00000, 0x0000000710a00000|100%| S|CS|TAMS 0x0000000710900000, 0x0000000710900000| Complete 
| 230|0x0000000710a00000, 0x0000000710a00000, 0x0000000710b00000|  0%| F|  |TAMS 0x0000000710a00000, 0x0000000710a00000| Untracked 
| 231|0x0000000710b00000, 0x0000000710b00000, 0x0000000710c00000|  0%| F|  |TAMS 0x0000000710b00000, 0x0000000710b00000| Untracked 
| 232|0x0000000710c00000, 0x0000000710c00000, 0x0000000710d00000|  0%| F|  |TAMS 0x0000000710c00000, 0x0000000710c00000| Untracked 
| 233|0x0000000710d00000, 0x0000000710d00000, 0x0000000710e00000|  0%| F|  |TAMS 0x0000000710d00000, 0x0000000710d00000| Untracked 
| 234|0x0000000710e00000, 0x0000000710e00000, 0x0000000710f00000|  0%| F|  |TAMS 0x0000000710e00000, 0x0000000710e00000| Untracked 
| 235|0x0000000710f00000, 0x0000000710f00000, 0x0000000711000000|  0%| F|  |TAMS 0x0000000710f00000, 0x0000000710f00000| Untracked 
| 236|0x0000000711000000, 0x0000000711000000, 0x0000000711100000|  0%| F|  |TAMS 0x0000000711000000, 0x0000000711000000| Untracked 
| 237|0x0000000711100000, 0x0000000711100000, 0x0000000711200000|  0%| F|  |TAMS 0x0000000711100000, 0x0000000711100000| Untracked 
| 238|0x0000000711200000, 0x0000000711200000, 0x0000000711300000|  0%| F|  |TAMS 0x0000000711200000, 0x0000000711200000| Untracked 
| 239|0x0000000711300000, 0x0000000711400000, 0x0000000711400000|100%| E|  |TAMS 0x0000000711300000, 0x0000000711300000| Complete 
| 240|0x0000000711400000, 0x0000000711500000, 0x0000000711500000|100%| E|CS|TAMS 0x0000000711400000, 0x0000000711400000| Complete 
| 241|0x0000000711500000, 0x0000000711600000, 0x0000000711600000|100%| E|CS|TAMS 0x0000000711500000, 0x0000000711500000| Complete 
| 242|0x0000000711600000, 0x0000000711700000, 0x0000000711700000|100%| E|CS|TAMS 0x0000000711600000, 0x0000000711600000| Complete 
| 243|0x0000000711700000, 0x0000000711800000, 0x0000000711800000|100%| E|CS|TAMS 0x0000000711700000, 0x0000000711700000| Complete 
| 244|0x0000000711800000, 0x0000000711900000, 0x0000000711900000|100%| E|CS|TAMS 0x0000000711800000, 0x0000000711800000| Complete 
| 245|0x0000000711900000, 0x0000000711a00000, 0x0000000711a00000|100%| E|CS|TAMS 0x0000000711900000, 0x0000000711900000| Complete 
| 246|0x0000000711a00000, 0x0000000711b00000, 0x0000000711b00000|100%| E|CS|TAMS 0x0000000711a00000, 0x0000000711a00000| Complete 
| 247|0x0000000711b00000, 0x0000000711c00000, 0x0000000711c00000|100%| E|CS|TAMS 0x0000000711b00000, 0x0000000711b00000| Complete 
| 248|0x0000000711c00000, 0x0000000711d00000, 0x0000000711d00000|100%| E|CS|TAMS 0x0000000711c00000, 0x0000000711c00000| Complete 
| 249|0x0000000711d00000, 0x0000000711e00000, 0x0000000711e00000|100%| E|CS|TAMS 0x0000000711d00000, 0x0000000711d00000| Complete 
| 250|0x0000000711e00000, 0x0000000711f00000, 0x0000000711f00000|100%| E|CS|TAMS 0x0000000711e00000, 0x0000000711e00000| Complete 
| 251|0x0000000711f00000, 0x0000000712000000, 0x0000000712000000|100%| E|CS|TAMS 0x0000000711f00000, 0x0000000711f00000| Complete 
| 252|0x0000000712000000, 0x0000000712100000, 0x0000000712100000|100%| E|CS|TAMS 0x0000000712000000, 0x0000000712000000| Complete 
| 253|0x0000000712100000, 0x0000000712200000, 0x0000000712200000|100%| E|CS|TAMS 0x0000000712100000, 0x0000000712100000| Complete 

Card table byte_map: [0x00000171c0d30000,0x00000171c1520000] _byte_map_base: 0x00000171bd51e000

Marking Bits (Prev, Next): (CMBitMap*) 0x00000171a8510268, (CMBitMap*) 0x00000171a85102a0
 Prev Bits: [0x00000171c1d10000, 0x00000171c5c80000)
 Next Bits: [0x00000171c5c80000, 0x00000171c9bf0000)

Polling page: 0x00000171a6c80000

Metaspace:

Usage:
  Non-class:     13.86 MB capacity,    13.60 MB ( 98%) used,   219.23 KB (  2%) free+waste,    42.31 KB ( <1%) overhead. 
      Class:      2.14 MB capacity,     1.97 MB ( 92%) used,   156.52 KB (  7%) free+waste,    21.69 KB ( <1%) overhead. 
       Both:     16.00 MB capacity,    15.57 MB ( 97%) used,   375.76 KB (  2%) free+waste,    64.00 KB ( <1%) overhead. 

Virtual space:
  Non-class space:       14.00 MB reserved,      14.00 MB (100%) committed 
      Class space:        1.00 GB reserved,       2.25 MB ( <1%) committed 
             Both:        1.01 GB reserved,      16.25 MB (  2%) committed 

Chunk freelists:
   Non-Class:  19.00 KB
       Class:  14.00 KB
        Both:  33.00 KB

MaxMetaspaceSize: 17179869184.00 GB
CompressedClassSpaceSize: 1.00 GB

CodeHeap 'non-profiled nmethods': size=120000Kb used=538Kb max_used=538Kb free=119462Kb
 bounds [0x00000171b85b0000, 0x00000171b8820000, 0x00000171bfae0000]
CodeHeap 'profiled nmethods': size=120000Kb used=2707Kb max_used=2707Kb free=117292Kb
 bounds [0x00000171b1080000, 0x00000171b1330000, 0x00000171b85b0000]
CodeHeap 'non-nmethods': size=5760Kb used=1217Kb max_used=1239Kb free=4542Kb
 bounds [0x00000171b0ae0000, 0x00000171b0d50000, 0x00000171b1080000]
 total_blobs=2561 nmethods=1355 adapters=489
 compilation: enabled
              stopped_count=0, restarted_count=0
 full_count=0

Compilation events (20 events):
Event: 1.580 Thread 0x00000171ce8d7000 1337       4       java.util.Collections$UnmodifiableList::get (11 bytes)
Event: 1.580 Thread 0x00000171cd062800 nmethod 1347 0x00000171b131d290 code [0x00000171b131d460, 0x00000171b131d690]
Event: 1.580 Thread 0x00000171cd062800 1350       3       com.sun.javafx.css.StyleManager$Cache::getStyleMap (400 bytes)
Event: 1.581 Thread 0x00000171ce8d7000 nmethod 1337 0x00000171b862d690 code [0x00000171b862d840, 0x00000171b862d978]
Event: 1.581 Thread 0x00000171ce8d7000 1334       4       javafx.beans.property.ObjectPropertyBase::get (29 bytes)
Event: 1.582 Thread 0x00000171ce8d7000 nmethod 1334 0x00000171b862db10 code [0x00000171b862dca0, 0x00000171b862dd38]
Event: 1.582 Thread 0x00000171ce8d7000 1351       4       java.lang.StringLatin1::trim (76 bytes)
Event: 1.584 Thread 0x00000171ce8d7000 nmethod 1351 0x00000171b862de10 code [0x00000171b862dfa0, 0x00000171b862e058]
Event: 1.584 Thread 0x00000171ce8d7000 1354       4       com.sun.javafx.css.StyleClassSet::getStyleClass (148 bytes)
Event: 1.584 Thread 0x00000171cd062800 nmethod 1350 0x00000171b131d790 code [0x00000171b131dc80, 0x00000171b1320d10]
Event: 1.584 Thread 0x00000171cd062800 1352       3       com.sun.javafx.css.StyleManager$CacheContainer::getStyleMap (43 bytes)
Event: 1.584 Thread 0x00000171cd062800 nmethod 1352 0x00000171b1321e10 code [0x00000171b1322060, 0x00000171b1322bc0]
Event: 1.584 Thread 0x00000171cd062800 1353       3       java.util.HashMap::isEmpty (13 bytes)
Event: 1.585 Thread 0x00000171cd062800 nmethod 1353 0x00000171b1322e90 code [0x00000171b1323040, 0x00000171b13231f8]
Event: 1.585 Thread 0x00000171cd062800 1348       3       javafx.scene.Node::getTypeSelector (63 bytes)
Event: 1.585 Thread 0x00000171cd062800 nmethod 1348 0x00000171b1323290 code [0x00000171b13234e0, 0x00000171b1323ce0]
Event: 1.585 Thread 0x00000171cd062800 1349       3       java.lang.Class::getPackage (38 bytes)
Event: 1.586 Thread 0x00000171cd062800 nmethod 1349 0x00000171b1324010 code [0x00000171b1324240, 0x00000171b13248c0]
Event: 1.588 Thread 0x00000171cd062800 1356       3       com.sun.javafx.geom.RectBounds::<init> (26 bytes)
Event: 1.588 Thread 0x00000171cd062800 nmethod 1356 0x00000171b1324a90 code [0x00000171b1324c40, 0x00000171b1324e78]

GC Heap History (2 events):
Event: 1.253 GC heap before
{Heap before GC invocations=0 (full 0):
 garbage-first heap   total 260096K, used 23552K [0x0000000702400000, 0x0000000800000000)
  region size 1024K, 24 young (24576K), 0 survivors (0K)
 Metaspace       used 11702K, capacity 12055K, committed 12288K, reserved 1060864K
  class space    used 1318K, capacity 1471K, committed 1536K, reserved 1048576K
}
Event: 1.259 GC heap after
{Heap after GC invocations=1 (full 0):
 garbage-first heap   total 260096K, used 4621K [0x0000000702400000, 0x0000000800000000)
  region size 1024K, 3 young (3072K), 3 survivors (3072K)
 Metaspace       used 11702K, capacity 12055K, committed 12288K, reserved 1060864K
  class space    used 1318K, capacity 1471K, committed 1536K, reserved 1048576K
}

Deoptimization events (20 events):
Event: 1.395 Thread 0x00000171cda6b000 Uncommon trap: trap_request=0xffffff4d fr.pc=0x00000171b85e6548 relative=0x00000000000000a8
Event: 1.395 Thread 0x00000171cda6b000 Uncommon trap: reason=unstable_if action=reinterpret pc=0x00000171b85e6548 method=java.nio.Buffer.limit(I)Ljava/nio/Buffer; @ 45 c2
Event: 1.395 Thread 0x00000171cda6b000 DEOPT PACKING pc=0x00000171b85e6548 sp=0x00000043739f8340
Event: 1.395 Thread 0x00000171cda6b000 DEOPT UNPACKING pc=0x00000171b0b091af sp=0x00000043739f82c8 mode 2
Event: 1.443 Thread 0x00000171cda6b000 Uncommon trap: trap_request=0xffffffcc fr.pc=0x00000171b8615970 relative=0x00000000000001b0
Event: 1.443 Thread 0x00000171cda6b000 Uncommon trap: reason=intrinsic_or_type_checked_inlining action=make_not_entrant pc=0x00000171b8615970 method=java.util.Arrays.copyOf([Ljava/lang/Object;ILjava/lang/Class;)[Ljava/lang/Object; @ 35 c2
Event: 1.443 Thread 0x00000171cda6b000 DEOPT PACKING pc=0x00000171b8615970 sp=0x00000043739fad70
Event: 1.443 Thread 0x00000171cda6b000 DEOPT UNPACKING pc=0x00000171b0b091af sp=0x00000043739fad18 mode 2
Event: 1.500 Thread 0x00000171cda6b000 Uncommon trap: trap_request=0xffffff4d fr.pc=0x00000171b86041c0 relative=0x0000000000000300
Event: 1.500 Thread 0x00000171cda6b000 Uncommon trap: reason=unstable_if action=reinterpret pc=0x00000171b86041c0 method=jdk.internal.loader.URLClassPath.getLoader(I)Ljdk/internal/loader/URLClassPath$Loader; @ 19 c2
Event: 1.500 Thread 0x00000171cda6b000 DEOPT PACKING pc=0x00000171b86041c0 sp=0x00000043739f9150
Event: 1.500 Thread 0x00000171cda6b000 DEOPT UNPACKING pc=0x00000171b0b091af sp=0x00000043739f90e8 mode 2
Event: 1.500 Thread 0x00000171cda6b000 Uncommon trap: trap_request=0xffffff4d fr.pc=0x00000171b8608bf8 relative=0x0000000000000058
Event: 1.500 Thread 0x00000171cda6b000 Uncommon trap: reason=unstable_if action=reinterpret pc=0x00000171b8608bf8 method=jdk.internal.loader.URLClassPath$JarLoader.ensureOpen()V @ 4 c2
Event: 1.500 Thread 0x00000171cda6b000 DEOPT PACKING pc=0x00000171b8608bf8 sp=0x00000043739f7540
Event: 1.500 Thread 0x00000171cda6b000 DEOPT UNPACKING pc=0x00000171b0b091af sp=0x00000043739f74d8 mode 2
Event: 1.526 Thread 0x00000171cda6b000 Uncommon trap: trap_request=0xffffff4d fr.pc=0x00000171b861da58 relative=0x0000000000000218
Event: 1.526 Thread 0x00000171cda6b000 Uncommon trap: reason=unstable_if action=reinterpret pc=0x00000171b861da58 method=java.util.HashMap.hash(Ljava/lang/Object;)I @ 1 c2
Event: 1.526 Thread 0x00000171cda6b000 DEOPT PACKING pc=0x00000171b861da58 sp=0x00000043739fbce0
Event: 1.526 Thread 0x00000171cda6b000 DEOPT UNPACKING pc=0x00000171b0b091af sp=0x00000043739fbc18 mode 2

Classes redefined (0 events):
No events

Internal exceptions (20 events):
Event: 0.924 Thread 0x00000171cd296000 Exception <a 'java/lang/NoSuchMethodError'{0x0000000711469ee8}: 'void java.lang.invoke.DirectMethodHandle$Holder.invokeSpecial(java.lang.Object, java.lang.Object)'> (0x0000000711469ee8) thrown at [c:/cygwin64/tmp/openjdk-jdk11u-windows-x64-hotspot/workspa
Event: 0.957 Thread 0x00000171cd296000 Exception <a 'java/lang/NoSuchMethodError'{0x000000071122a7b0}: 'java.lang.Object java.lang.invoke.DirectMethodHandle$Holder.invokeStatic(java.lang.Object, java.lang.Object, int, java.lang.Object)'> (0x000000071122a7b0) thrown at [c:/cygwin64/tmp/openjdk-
Event: 0.958 Thread 0x00000171cd296000 Exception <a 'java/lang/NoSuchMethodError'{0x0000000711230fe0}: 'java.lang.Object java.lang.invoke.Invokers$Holder.linkToTargetMethod(java.lang.Object, int, java.lang.Object, java.lang.Object)'> (0x0000000711230fe0) thrown at [c:/cygwin64/tmp/openjdk-jdk1
Event: 1.042 Thread 0x00000171cda6b000 Exception <a 'java/lang/NoSuchMethodError'{0x0000000710f075b8}: 'void java.lang.invoke.DirectMethodHandle$Holder.invokeStaticInit(java.lang.Object)'> (0x0000000710f075b8) thrown at [c:/cygwin64/tmp/openjdk-jdk11u-windows-x64-hotspot/workspace/build/src/sr
Event: 1.155 Thread 0x00000171cda6b000 Exception <a 'java/lang/NoSuchMethodError'{0x0000000710c25480}: 'java.lang.Object java.lang.invoke.DirectMethodHandle$Holder.invokeStaticInit(java.lang.Object, java.lang.Object, java.lang.Object, java.lang.Object)'> (0x0000000710c25480) thrown at [c:/cygw
Event: 1.157 Thread 0x00000171cda6b000 Exception <a 'java/lang/NullPointerException'{0x0000000710c322e0}> (0x0000000710c322e0) thrown at [c:/cygwin64/tmp/openjdk-jdk11u-windows-x64-hotspot/workspace/build/src/src/hotspot/share/interpreter/linkResolver.cpp, line 1358]
Event: 1.157 Thread 0x00000171cda6b000 Exception <a 'java/lang/NullPointerException'{0x0000000710c322e0}> (0x0000000710c322e0) thrown at [c:/cygwin64/tmp/openjdk-jdk11u-windows-x64-hotspot/workspace/build/src/src/hotspot/share/prims/jvm.cpp, line 1301]
Event: 1.163 Thread 0x00000171cda6b000 Exception <a 'java/lang/NoSuchMethodError'{0x0000000710c55070}: 'void java.lang.invoke.DirectMethodHandle$Holder.invokeSpecial(java.lang.Object, java.lang.Object, java.lang.Object, java.lang.Object, java.lang.Object)'> (0x0000000710c55070) thrown at [c:/c
Event: 1.242 Thread 0x00000171cda6b000 Exception <a 'java/lang/NoSuchMethodError'{0x0000000710a87798}: 'java.lang.Object java.lang.invoke.DirectMethodHandle$Holder.invokeStatic(java.lang.Object, java.lang.Object, java.lang.Object, java.lang.Object, java.lang.Object, java.lang.Object, java.lang
Event: 1.245 Thread 0x00000171cda6b000 Exception <a 'java/lang/NoSuchMethodError'{0x0000000710aa5698}: 'java.lang.Object java.lang.invoke.DirectMethodHandle$Holder.invokeStatic(java.lang.Object, java.lang.Object, java.lang.Object, java.lang.Object, java.lang.Object, java.lang.Object, java.lang
Event: 1.247 Thread 0x00000171cda6b000 Exception <a 'java/lang/NoSuchMethodError'{0x0000000710ac4428}: 'java.lang.Object java.lang.invoke.DirectMethodHandle$Holder.invokeStatic(java.lang.Object, java.lang.Object, java.lang.Object, java.lang.Object, java.lang.Object, java.lang.Object, java.lang
Event: 1.249 Thread 0x00000171cda6b000 Exception <a 'java/lang/NoSuchMethodError'{0x0000000710ae4840}: 'java.lang.Object java.lang.invoke.DirectMethodHandle$Holder.invokeStatic(java.lang.Object, java.lang.Object, java.lang.Object, java.lang.Object, java.lang.Object, java.lang.Object, java.lang
Event: 1.277 Thread 0x00000171cda6b000 Exception <a 'java/lang/NoSuchMethodError'{0x00000007120193d0}: 'java.lang.Object java.lang.invoke.DirectMethodHandle$Holder.invokeStatic(java.lang.Object, java.lang.Object, java.lang.Object, java.lang.Object, java.lang.Object, java.lang.Object, java.lang
Event: 1.278 Thread 0x00000171cda6b000 Exception <a 'java/lang/NoSuchMethodError'{0x00000007120273d8}: 'java.lang.Object java.lang.invoke.DirectMethodHandle$Holder.invokeStatic(java.lang.Object, java.lang.Object, java.lang.Object, java.lang.Object, java.lang.Object, java.lang.Object, java.lang
Event: 1.279 Thread 0x00000171cda6b000 Exception <a 'java/lang/NoSuchMethodError'{0x00000007120352f0}: 'java.lang.Object java.lang.invoke.DirectMethodHandle$Holder.invokeSpecial(java.lang.Object, java.lang.Object, int, int, java.lang.Object, java.lang.Object, java.lang.Object)'> (0x00000007120
Event: 1.279 Thread 0x00000171cda6b000 Exception <a 'java/lang/NoSuchMethodError'{0x0000000712038b28}: 'java.lang.Object java.lang.invoke.DelegatingMethodHandle$Holder.reinvoke_L(java.lang.Object, int, int, java.lang.Object, java.lang.Object, java.lang.Object)'> (0x0000000712038b28) thrown at 
Event: 1.280 Thread 0x00000171cda6b000 Exception <a 'java/lang/NoSuchMethodError'{0x000000071203cdb0}: 'java.lang.Object java.lang.invoke.DirectMethodHandle$Holder.invokeStatic(java.lang.Object, java.lang.Object, java.lang.Object, java.lang.Object, int)'> (0x000000071203cdb0) thrown at [c:/cyg
Event: 1.354 Thread 0x00000171cda6b000 Exception <a 'java/lang/NoSuchMethodError'{0x0000000711cbf3b0}: 'void java.lang.invoke.DirectMethodHandle$Holder.invokeStaticInit(java.lang.Object, java.lang.Object)'> (0x0000000711cbf3b0) thrown at [c:/cygwin64/tmp/openjdk-jdk11u-windows-x64-hotspot/work
Event: 1.444 Thread 0x00000171cda6b000 Exception <a 'java/lang/NoSuchMethodError'{0x0000000711845aa8}: 'java.lang.Object java.lang.invoke.Invokers$Holder.linkToTargetMethod(java.lang.Object, int, java.lang.Object)'> (0x0000000711845aa8) thrown at [c:/cygwin64/tmp/openjdk-jdk11u-windows-x64-hot
Event: 1.526 Thread 0x00000171cda6b000 Implicit null exception at 0x00000171b861d875 to 0x00000171b861da46

Events (20 events):
Event: 1.602 loading class java/util/TreeMap$KeySet
Event: 1.603 loading class java/util/TreeMap$KeySet done
Event: 1.603 loading class java/util/TreeMap$KeyIterator
Event: 1.603 loading class java/util/TreeMap$PrivateEntryIterator
Event: 1.603 loading class java/util/TreeMap$PrivateEntryIterator done
Event: 1.603 loading class java/util/TreeMap$KeyIterator done
Event: 1.603 loading class controller/SerialController
Event: 1.603 loading class controller/SerialController done
Event: 1.604 loading class jssc/SerialPortEventListener
Event: 1.604 loading class jssc/SerialPortEventListener done
Event: 1.604 loading class jssc/SerialPortException
Event: 1.604 loading class jssc/SerialPortException done
Event: 1.604 loading class jssc/SerialPort
Event: 1.604 loading class jssc/SerialPort done
Event: 1.605 loading class jssc/SerialPortTimeoutException
Event: 1.605 loading class jssc/SerialPortTimeoutException done
Event: 1.606 loading class jssc/SerialPort$EventThread
Event: 1.606 loading class jssc/SerialPort$EventThread done
Event: 1.606 loading class jssc/SerialPort$LinuxEventThread
Event: 1.606 loading class jssc/SerialPort$LinuxEventThread done


Dynamic libraries:
0x00007ff6214b0000 - 0x00007ff6214bd000 	C:\Program Files\AdoptOpenJDK\jdk-11.0.5.10-hotspot\bin\java.exe
0x00007ffc4dd30000 - 0x00007ffc4df26000 	C:\WINDOWS\SYSTEM32\ntdll.dll
0x00007ffc4c770000 - 0x00007ffc4c82d000 	C:\WINDOWS\System32\KERNEL32.DLL
0x00007ffc4b4d0000 - 0x00007ffc4b798000 	C:\WINDOWS\System32\KERNELBASE.dll
0x00007ffc4b9d0000 - 0x00007ffc4bad0000 	C:\WINDOWS\System32\ucrtbase.dll
0x00007ffc292d0000 - 0x00007ffc292e7000 	C:\Program Files\AdoptOpenJDK\jdk-11.0.5.10-hotspot\bin\jli.dll
0x00007ffc21e40000 - 0x00007ffc21e56000 	C:\Program Files\AdoptOpenJDK\jdk-11.0.5.10-hotspot\bin\VCRUNTIME140.dll
0x00007ffc4ca80000 - 0x00007ffc4cc20000 	C:\WINDOWS\System32\USER32.dll
0x00007ffc4b7a0000 - 0x00007ffc4b7c2000 	C:\WINDOWS\System32\win32u.dll
0x00007ffc37950000 - 0x00007ffc37beb000 	C:\WINDOWS\WinSxS\amd64_microsoft.windows.common-controls_6595b64144ccf1df_6.0.19041.488_none_ca04af081b815d21\COMCTL32.dll
0x00007ffc4d630000 - 0x00007ffc4d65a000 	C:\WINDOWS\System32\GDI32.dll
0x00007ffc4d060000 - 0x00007ffc4d0fe000 	C:\WINDOWS\System32\msvcrt.dll
0x00007ffc4bb50000 - 0x00007ffc4bc59000 	C:\WINDOWS\System32\gdi32full.dll
0x00007ffc4b930000 - 0x00007ffc4b9cd000 	C:\WINDOWS\System32\msvcp_win.dll
0x00007ffc4d660000 - 0x00007ffc4d690000 	C:\WINDOWS\System32\IMM32.DLL
0x00007ffc19620000 - 0x00007ffc196bb000 	C:\Program Files\AdoptOpenJDK\jdk-11.0.5.10-hotspot\bin\msvcp140.dll
0x00007ffbff300000 - 0x00007ffbffdba000 	C:\Program Files\AdoptOpenJDK\jdk-11.0.5.10-hotspot\bin\server\jvm.dll
0x00007ffc4cc20000 - 0x00007ffc4cccc000 	C:\WINDOWS\System32\ADVAPI32.dll
0x00007ffc4be40000 - 0x00007ffc4bedb000 	C:\WINDOWS\System32\sechost.dll
0x00007ffc4d500000 - 0x00007ffc4d624000 	C:\WINDOWS\System32\RPCRT4.dll
0x00007ffc4c940000 - 0x00007ffc4c948000 	C:\WINDOWS\System32\PSAPI.DLL
0x00007ffc38f70000 - 0x00007ffc38f97000 	C:\WINDOWS\SYSTEM32\WINMM.dll
0x00007ffc439a0000 - 0x00007ffc439aa000 	C:\WINDOWS\SYSTEM32\VERSION.dll
0x00007ffc45250000 - 0x00007ffc45259000 	C:\WINDOWS\SYSTEM32\WSOCK32.dll
0x00007ffc4cf90000 - 0x00007ffc4cffb000 	C:\WINDOWS\System32\WS2_32.dll
0x00007ffc49d50000 - 0x00007ffc49d62000 	C:\WINDOWS\SYSTEM32\kernel.appcore.dll
0x00007ffc45240000 - 0x00007ffc45250000 	C:\Program Files\AdoptOpenJDK\jdk-11.0.5.10-hotspot\bin\verify.dll
0x00007ffc492c0000 - 0x00007ffc494a4000 	C:\WINDOWS\SYSTEM32\DBGHELP.DLL
0x00007ffc34170000 - 0x00007ffc3419c000 	C:\WINDOWS\SYSTEM32\dbgcore.DLL
0x00007ffc4bc60000 - 0x00007ffc4bcdf000 	C:\WINDOWS\System32\bcryptPrimitives.dll
0x00007ffc3ff00000 - 0x00007ffc3ff28000 	C:\Program Files\AdoptOpenJDK\jdk-11.0.5.10-hotspot\bin\java.dll
0x00007ffc41490000 - 0x00007ffc414a6000 	C:\Program Files\AdoptOpenJDK\jdk-11.0.5.10-hotspot\bin\zip.dll
0x00007ffc40430000 - 0x00007ffc4043a000 	C:\Program Files\AdoptOpenJDK\jdk-11.0.5.10-hotspot\bin\jimage.dll
0x00007ffc4bfc0000 - 0x00007ffc4c701000 	C:\WINDOWS\System32\SHELL32.dll
0x00007ffc494b0000 - 0x00007ffc49c45000 	C:\WINDOWS\SYSTEM32\windows.storage.dll
0x00007ffc4d100000 - 0x00007ffc4d455000 	C:\WINDOWS\System32\combase.dll
0x00007ffc4aee0000 - 0x00007ffc4af0c000 	C:\WINDOWS\SYSTEM32\Wldp.dll
0x00007ffc4bd90000 - 0x00007ffc4be3e000 	C:\WINDOWS\System32\SHCORE.dll
0x00007ffc4c830000 - 0x00007ffc4c885000 	C:\WINDOWS\System32\shlwapi.dll
0x00007ffc4b3a0000 - 0x00007ffc4b3c6000 	C:\WINDOWS\SYSTEM32\profapi.dll
0x00007ffc3fee0000 - 0x00007ffc3fef9000 	C:\Program Files\AdoptOpenJDK\jdk-11.0.5.10-hotspot\bin\net.dll
0x00007ffc398f0000 - 0x00007ffc399f0000 	C:\WINDOWS\SYSTEM32\WINHTTP.dll
0x00007ffc4ac60000 - 0x00007ffc4acca000 	C:\WINDOWS\system32\mswsock.dll
0x00007ffc3fec0000 - 0x00007ffc3fed2000 	C:\Program Files\AdoptOpenJDK\jdk-11.0.5.10-hotspot\bin\nio.dll
0x00000171a6cc0000 - 0x00000171a6cc3000 	C:\Users\gigio\.openjfx\cache\13\api-ms-win-core-console-l1-1-0.dll
0x00000171a6cd0000 - 0x00000171a6cd3000 	C:\Users\gigio\.openjfx\cache\13\api-ms-win-core-datetime-l1-1-0.dll
0x00000171cdca0000 - 0x00000171cdca3000 	C:\Users\gigio\.openjfx\cache\13\api-ms-win-core-debug-l1-1-0.dll
0x00000171cdcb0000 - 0x00000171cdcb3000 	C:\Users\gigio\.openjfx\cache\13\api-ms-win-core-errorhandling-l1-1-0.dll
0x00000171cdcc0000 - 0x00000171cdcc4000 	C:\Users\gigio\.openjfx\cache\13\api-ms-win-core-file-l1-1-0.dll
0x00000171cdcd0000 - 0x00000171cdcd3000 	C:\Users\gigio\.openjfx\cache\13\api-ms-win-core-file-l1-2-0.dll
0x00000171cdce0000 - 0x00000171cdce3000 	C:\Users\gigio\.openjfx\cache\13\api-ms-win-core-file-l2-1-0.dll
0x00000171cdcf0000 - 0x00000171cdcf3000 	C:\Users\gigio\.openjfx\cache\13\api-ms-win-core-handle-l1-1-0.dll
0x00000171cdd00000 - 0x00000171cdd03000 	C:\Users\gigio\.openjfx\cache\13\api-ms-win-core-heap-l1-1-0.dll
0x00000171cdd10000 - 0x00000171cdd13000 	C:\Users\gigio\.openjfx\cache\13\api-ms-win-core-interlocked-l1-1-0.dll
0x00000171cdd20000 - 0x00000171cdd23000 	C:\Users\gigio\.openjfx\cache\13\api-ms-win-core-libraryloader-l1-1-0.dll
0x00000171cdd30000 - 0x00000171cdd33000 	C:\Users\gigio\.openjfx\cache\13\api-ms-win-core-localization-l1-2-0.dll
0x00000171cdd40000 - 0x00000171cdd43000 	C:\Users\gigio\.openjfx\cache\13\api-ms-win-core-memory-l1-1-0.dll
0x00000171cdd50000 - 0x00000171cdd53000 	C:\Users\gigio\.openjfx\cache\13\api-ms-win-core-namedpipe-l1-1-0.dll
0x00000171cdd60000 - 0x00000171cdd63000 	C:\Users\gigio\.openjfx\cache\13\api-ms-win-core-processenvironment-l1-1-0.dll
0x00000171cdd70000 - 0x00000171cdd73000 	C:\Users\gigio\.openjfx\cache\13\api-ms-win-core-processthreads-l1-1-0.dll
0x00000171cdd80000 - 0x00000171cdd83000 	C:\Users\gigio\.openjfx\cache\13\api-ms-win-core-processthreads-l1-1-1.dll
0x00000171cdd90000 - 0x00000171cdd93000 	C:\Users\gigio\.openjfx\cache\13\api-ms-win-core-profile-l1-1-0.dll
0x00000171cdda0000 - 0x00000171cdda3000 	C:\Users\gigio\.openjfx\cache\13\api-ms-win-core-rtlsupport-l1-1-0.dll
0x00000171cddb0000 - 0x00000171cddb3000 	C:\Users\gigio\.openjfx\cache\13\api-ms-win-core-string-l1-1-0.dll
0x00000171cddc0000 - 0x00000171cddc3000 	C:\Users\gigio\.openjfx\cache\13\api-ms-win-core-synch-l1-1-0.dll
0x00000171cddd0000 - 0x00000171cddd3000 	C:\Users\gigio\.openjfx\cache\13\api-ms-win-core-synch-l1-2-0.dll
0x00000171cdde0000 - 0x00000171cdde3000 	C:\Users\gigio\.openjfx\cache\13\api-ms-win-core-sysinfo-l1-1-0.dll
0x00000171cddf0000 - 0x00000171cddf3000 	C:\Users\gigio\.openjfx\cache\13\api-ms-win-core-timezone-l1-1-0.dll
0x00000171cde00000 - 0x00000171cde03000 	C:\Users\gigio\.openjfx\cache\13\api-ms-win-core-util-l1-1-0.dll
0x00000171cde10000 - 0x00000171cde13000 	C:\Users\gigio\.openjfx\cache\13\api-ms-win-crt-conio-l1-1-0.dll
0x00000171cde20000 - 0x00000171cde24000 	C:\Users\gigio\.openjfx\cache\13\api-ms-win-crt-convert-l1-1-0.dll
0x00000171cde30000 - 0x00000171cde33000 	C:\Users\gigio\.openjfx\cache\13\api-ms-win-crt-environment-l1-1-0.dll
0x00000171cde40000 - 0x00000171cde43000 	C:\Users\gigio\.openjfx\cache\13\api-ms-win-crt-filesystem-l1-1-0.dll
0x00000171cde50000 - 0x00000171cde53000 	C:\Users\gigio\.openjfx\cache\13\api-ms-win-crt-heap-l1-1-0.dll
0x00000171cde60000 - 0x00000171cde63000 	C:\Users\gigio\.openjfx\cache\13\api-ms-win-crt-locale-l1-1-0.dll
0x00000171cde70000 - 0x00000171cde75000 	C:\Users\gigio\.openjfx\cache\13\api-ms-win-crt-math-l1-1-0.dll
0x00000171cde80000 - 0x00000171cde85000 	C:\Users\gigio\.openjfx\cache\13\api-ms-win-crt-multibyte-l1-1-0.dll
0x00000171cde90000 - 0x00000171cdea0000 	C:\Users\gigio\.openjfx\cache\13\api-ms-win-crt-private-l1-1-0.dll
0x00000171cdea0000 - 0x00000171cdea3000 	C:\Users\gigio\.openjfx\cache\13\api-ms-win-crt-process-l1-1-0.dll
0x00000171cdeb0000 - 0x00000171cdeb4000 	C:\Users\gigio\.openjfx\cache\13\api-ms-win-crt-runtime-l1-1-0.dll
0x00000171cdec0000 - 0x00000171cdec4000 	C:\Users\gigio\.openjfx\cache\13\api-ms-win-crt-stdio-l1-1-0.dll
0x00000171cded0000 - 0x00000171cded4000 	C:\Users\gigio\.openjfx\cache\13\api-ms-win-crt-string-l1-1-0.dll
0x00000171cdee0000 - 0x00000171cdee3000 	C:\Users\gigio\.openjfx\cache\13\api-ms-win-crt-time-l1-1-0.dll
0x00000171cdef0000 - 0x00000171cdef3000 	C:\Users\gigio\.openjfx\cache\13\api-ms-win-crt-utility-l1-1-0.dll
0x00007ffc193a0000 - 0x00007ffc1949c000 	C:\Users\gigio\.openjfx\cache\13\ucrtbase.dll
0x00007ffc441e0000 - 0x00007ffc441f5000 	C:\Users\gigio\.openjfx\cache\13\vcruntime140.dll
0x00007ffc3f520000 - 0x00007ffc3f5bb000 	C:\Users\gigio\.openjfx\cache\13\msvcp140.dll
0x00007ffc2c050000 - 0x00007ffc2c0a1000 	C:\Users\gigio\.openjfx\cache\13\concrt140.dll
0x00007ffc3ff30000 - 0x00007ffc3ff53000 	C:\Users\gigio\.openjfx\cache\13\prism_d3d.dll
0x00007ffc3a720000 - 0x00007ffc3a8ee000 	C:\WINDOWS\system32\d3d9.dll
0x00007ffc48d30000 - 0x00007ffc48d5f000 	C:\WINDOWS\SYSTEM32\dwmapi.dll
0x00007ffc48ac0000 - 0x00007ffc48b5e000 	C:\WINDOWS\system32\uxtheme.dll
0x00007ffc173c0000 - 0x00007ffc17523000 	C:\WINDOWS\System32\DriverStore\FileRepository\iigd_dch.inf_amd64_b2a136cee25b9cb8\igdumdim64.dll
0x00007ffbda4c0000 - 0x00007ffbde67f000 	C:\WINDOWS\System32\DriverStore\FileRepository\iigd_dch.inf_amd64_b2a136cee25b9cb8\igd9dxva64.dll
0x00007ffc4c950000 - 0x00007ffc4ca7a000 	C:\WINDOWS\System32\ole32.dll
0x00007ffc4dc20000 - 0x00007ffc4dced000 	C:\WINDOWS\System32\OLEAUT32.dll
0x00007ffc3d5f0000 - 0x00007ffc3d793000 	C:\WINDOWS\System32\DriverStore\FileRepository\iigd_dch.inf_amd64_b2a136cee25b9cb8\igdgmm64.dll
0x00007ffc2c000000 - 0x00007ffc2c045000 	C:\Users\gigio\.openjfx\cache\13\glass.dll
0x00007ffc4bee0000 - 0x00007ffc4bfba000 	C:\WINDOWS\System32\COMDLG32.dll
0x00007ffc4db00000 - 0x00007ffc4dc15000 	C:\WINDOWS\System32\MSCTF.dll
0x00007ffc35920000 - 0x00007ffc35946000 	C:\WINDOWS\System32\DriverStore\FileRepository\iigd_dch.inf_amd64_b2a136cee25b9cb8\igdinfo64.dll
0x00007ffc3b1b0000 - 0x00007ffc3d5ed000 	C:\WINDOWS\System32\DriverStore\FileRepository\iigd_dch.inf_amd64_b2a136cee25b9cb8\igc64.dll
0x00007ffc40800000 - 0x00007ffc4083b000 	C:\WINDOWS\SYSTEM32\dxcore.dll
0x00007ffc4bad0000 - 0x00007ffc4bb1e000 	C:\WINDOWS\System32\cfgmgr32.dll
0x00007ffc3fea0000 - 0x00007ffc3feb4000 	C:\Users\gigio\.openjfx\cache\13\javafx_font.dll
0x00007ffc2ae20000 - 0x00007ffc2b09f000 	C:\WINDOWS\SYSTEM32\dwrite.dll
0x0000000071100000 - 0x0000000071125000 	C:\Users\gigio\.jssc\windows\jSSC-2.8_x86_64.dll

dbghelp: loaded successfully - version: 4.0.5 - missing functions: none
symbol engine: initialized successfully - sym options: 0x614 - pdb path: .;C:\Program Files\AdoptOpenJDK\jdk-11.0.5.10-hotspot\bin;C:\WINDOWS\SYSTEM32;C:\WINDOWS\WinSxS\amd64_microsoft.windows.common-controls_6595b64144ccf1df_6.0.19041.488_none_ca04af081b815d21;C:\Program Files\AdoptOpenJDK\jdk-11.0.5.10-hotspot\bin\server;C:\Users\gigio\.openjfx\cache\13;C:\WINDOWS\System32\DriverStore\FileRepository\iigd_dch.inf_amd64_b2a136cee25b9cb8;C:\Users\gigio\.jssc\windows

VM Arguments:
jvm_args: -Dfile.encoding=UTF-8 
java_command: application.Launcher
java_class_path (initial): C:\Users\gigio\OneDrive\Documenti\Arduino\sketches\seiot-assignments-2020\smart_exp\src\java\viewer_program\bin\main;C:\Users\gigio\.gradle\caches\modules-2\files-2.1\com.google.guava\guava\28.1-jre\b0e91dcb6a44ffb6221b5027e12a5cb34b841145\guava-28.1-jre.jar;C:\Users\gigio\.gradle\caches\modules-2\files-2.1\org.openjfx\javafx-fxml\13\2c1016c361ce5797927e9e14847fbca9bebf3bd5\javafx-fxml-13-linux.jar;C:\Users\gigio\.gradle\caches\modules-2\files-2.1\org.openjfx\javafx-fxml\13\d2d29db9f74512ce3b58b7c69f95f4942ab46766\javafx-fxml-13-mac.jar;C:\Users\gigio\.gradle\caches\modules-2\files-2.1\org.openjfx\javafx-fxml\13\ee55786ffd820bb7c8dd43d127a54b1141639e29\javafx-fxml-13-win.jar;C:\Users\gigio\.gradle\caches\modules-2\files-2.1\org.openjfx\javafx-controls\13\bcedf8eb6e11c2a7908b3126004d41274f6334f3\javafx-controls-13-linux.jar;C:\Users\gigio\.gradle\caches\modules-2\files-2.1\org.openjfx\javafx-controls\13\778a9f735b379e97833d6b5ed56d6744746f8007\javafx-controls-13-mac.jar;C:\Users\gigio\.gradle\caches\modules-2\files-2.1\org.openjfx\javafx-controls\13\7524fd4ab57de51637adb0e99f0220a1ae0ae4dd\javafx-controls-13-win.jar;C:\Users\gigio\.gradle\caches\modules-2\files-2.1\org.openjfx\javafx-controls\13\6cd7169d2a729846c35fba9dc65af23a10ca253b\javafx-controls-13.jar;C:\Users\gigio\.gradle\caches\modules-2\files-2.1\org.openjfx\javafx-swing\13\6fd1a7229849d3b2b6b6e44e29d263383d39ff10\javafx-swing-13-linux.jar;C:\Users\gigio\.gradle\caches\modules-2\files-2.1\org.openjfx\javafx-swing\13\e1db8d4e88e9b4af47e7960be0a2f1266c8d2744\javafx-swing-13-mac.jar;C:\Users\gigio\.gradle\caches\modules-2\files-2.1\org.openjfx\javafx-swing\13\a8531f7b83595165b8307a40b2854b72d001ccd5\javafx-swing-13-win.jar;C:\Users\gigio\.gradle\caches\modules-2\files-2.1\org.openjfx\javafx-graphics\13\d853d12684f60037dfeea1a47e61396e0febfdfd\javafx-graphics-13-linux.jar;C:\Users\gigio\.gradle\caches\modules-2\files-2.1\org.openjfx\javafx-graphics\13\d6b0cddb2d9f5c46cf78365b3683b1
Launcher Type: SUN_STANDARD

[Global flags]
     intx CICompilerCount                          = 4                                         {product} {ergonomic}
     uint ConcGCThreads                            = 2                                         {product} {ergonomic}
     uint G1ConcRefinementThreads                  = 8                                         {product} {ergonomic}
   size_t G1HeapRegionSize                         = 1048576                                   {product} {ergonomic}
    uintx GCDrainStackTargetSize                   = 64                                        {product} {ergonomic}
   size_t InitialHeapSize                          = 266338304                                 {product} {ergonomic}
   size_t MarkStackSize                            = 4194304                                   {product} {ergonomic}
   size_t MaxHeapSize                              = 4257218560                                {product} {ergonomic}
   size_t MaxNewSize                               = 2554331136                                {product} {ergonomic}
   size_t MinHeapDeltaBytes                        = 1048576                                   {product} {ergonomic}
    uintx NonNMethodCodeHeapSize                   = 5836300                                {pd product} {ergonomic}
    uintx NonProfiledCodeHeapSize                  = 122910970                              {pd product} {ergonomic}
    uintx ProfiledCodeHeapSize                     = 122910970                              {pd product} {ergonomic}
    uintx ReservedCodeCacheSize                    = 251658240                              {pd product} {ergonomic}
     bool SegmentedCodeCache                       = true                                      {product} {ergonomic}
     bool UseCompressedClassPointers               = true                                 {lp64_product} {ergonomic}
     bool UseCompressedOops                        = true                                 {lp64_product} {ergonomic}
     bool UseG1GC                                  = true                                      {product} {ergonomic}
     bool UseLargePagesIndividualAllocation        = false                                  {pd product} {ergonomic}

Logging:
Log output configuration:
 #0: stdout all=warning uptime,level,tags
 #1: stderr all=off uptime,level,tags

Environment Variables:
JAVA_HOME=C:\Program Files\AdoptOpenJDK\jdk-11.0.5.10-hotspot\
PATH=C:\Program Files\AdoptOpenJDK\jdk-11.0.5.10-hotspot\bin;C:\Windows\system32;C:\Windows;C:\Windows\System32\Wbem;C:\Windows\System32\WindowsPowerShell\v1.0\;C:\Windows\System32\OpenSSH\;C:\Program Files (x86)\NVIDIA Corporation\PhysX\Common;C:\Program Files\dotnet\;C:\Program Files\Microsoft SQL Server\130\Tools\Binn\;C:\Program Files\Git\cmd;C:\Program Files\MATLAB\R2019b\bin;C:\Program Files\Microsoft SQL Server\Client SDK\ODBC\170\Tools\Binn\;C:\WINDOWS\system32;C:\WINDOWS;C:\WINDOWS\System32\Wbem;C:\WINDOWS\System32\WindowsPowerShell\v1.0\;C:\WINDOWS\System32\OpenSSH\;C:\Program Files\nodejs\;C:\Program Files\php;C:\Users\gigio\AppData\Local\Programs\Python\Python38-32\Scripts\;C:\Users\gigio\AppData\Local\Programs\Python\Python38-32\;C:\Program Files\MySQL\MySQL Shell 8.0\bin\;C:\Users\gigio\AppData\Local\Microsoft\WindowsApps;C:\Program Files\JetBrains\PyCharm Community Edition 2020.1.1\bin;;C:\Users\gigio\AppData\Local\Programs\Microsoft VS Code\bin;C:\Users\gigio\AppData\Roaming\npm;C:\Program Files\php;
USERNAME=gigio
OS=Windows_NT
PROCESSOR_IDENTIFIER=Intel64 Family 6 Model 142 Stepping 12, GenuineIntel



---------------  S Y S T E M  ---------------

OS: Windows 10 , 64 bit Build 19041 (10.0.19041.546)

CPU:total 8 (initial active 8) (4 cores per cpu, 2 threads per core) family 6 model 142 stepping 12, cmov, cx8, fxsr, mmx, sse, sse2, sse3, ssse3, sse4.1, sse4.2, popcnt, avx, avx2, aes, clmul, erms, 3dnowpref, lzcnt, ht, tsc, tscinvbit, bmi1, bmi2, adx, fma

Memory: 4k page, system-wide physical 16235M (9111M free)
TotalPageFile size 18667M (AvailPageFile size 10208M)
current process WorkingSet (physical memory assigned to process): 142M, peak: 145M
current process commit charge ("private bytes"): 415M, peak: 418M

vm_info: OpenJDK 64-Bit Server VM (11.0.5+10) for windows-amd64 JRE (11.0.5+10), built on Oct 19 2019 12:23:57 by "" with MS VC++ 15.8 (VS2017)

END.
